TpTrace Verbose: 0 : 29708, 1, 2024/02/05, 20:02:16.297, 172319802634, vstest.console.dll, Version: 17.6.0-release-20230405-08 Current process architecture: X64
TpTrace Verbose: 0 : 29708, 1, 2024/02/05, 20:02:16.299, 172319814224, vstest.console.dll, Runtime location: C:\Program Files\dotnet\shared\Microsoft.NETCore.App\7.0.5
TpTrace Verbose: 0 : 29708, 1, 2024/02/05, 20:02:16.301, 172319834088, vstest.console.dll, ArtifactProcessingPostProcessModeProcessorExecutor.Initialize: ArtifactProcessingMode.Collect
TpTrace Verbose: 0 : 29708, 1, 2024/02/05, 20:02:16.301, 172319834855, vstest.console.dll, TestSessionCorrelationIdProcessorModeProcessorExecutor.Initialize: TestSessionCorrelationId '15820_290f8a36-ab84-409d-a962-1baa7a3ca129'
TpTrace Information: 0 : 29708, 1, 2024/02/05, 20:02:16.305, 172319880494, vstest.console.dll, FilePatternParser: The given file C:\Users\Mohamed Nouh\source\repos\buildinglink\BuildingLink.Core.Tests\bin\Debug\net7.0\fine-code-coverage\build-output\BuildingLink.Core.Tests.dll is a full path.
TpTrace Verbose: 0 : 29708, 1, 2024/02/05, 20:02:16.309, 172319917694, vstest.console.dll, TestPluginCache.DiscoverTestExtensions: finding test extensions in assemblies ends with: RuntimeProvider.dll TPluginInfo: Microsoft.VisualStudio.TestPlatform.Common.ExtensionFramework.Utilities.TestRuntimePluginInformation TExtension: Microsoft.VisualStudio.TestPlatform.ObjectModel.Host.ITestRuntimeProvider
TpTrace Verbose: 0 : 29708, 1, 2024/02/05, 20:02:16.309, 172319920621, vstest.console.dll, TestPluginCache.GetExtensionPaths: Filtered extension paths: 
TpTrace Verbose: 0 : 29708, 1, 2024/02/05, 20:02:16.309, 172319921170, vstest.console.dll, TestPluginCache.GetExtensionPaths: Added default extension paths: C:\Program Files\dotnet\sdk\7.0.302\Extensions\Microsoft.Diagnostics.NETCore.Client.dll
C:\Program Files\dotnet\sdk\7.0.302\Extensions\Microsoft.TestPlatform.Extensions.BlameDataCollector.dll
C:\Program Files\dotnet\sdk\7.0.302\Extensions\Microsoft.TestPlatform.Extensions.EventLogCollector.dll
C:\Program Files\dotnet\sdk\7.0.302\Extensions\Microsoft.TestPlatform.TestHostRuntimeProvider.dll
C:\Program Files\dotnet\sdk\7.0.302\Extensions\Microsoft.VisualStudio.TestPlatform.Extensions.Html.TestLogger.dll
C:\Program Files\dotnet\sdk\7.0.302\Extensions\Microsoft.VisualStudio.TestPlatform.Extensions.Trx.TestLogger.dll
TpTrace Verbose: 0 : 29708, 1, 2024/02/05, 20:02:16.309, 172319921374, vstest.console.dll, TestPluginCache.GetExtensionPaths: Added unfilterableExtensionPaths: 
TpTrace Information: 0 : 29708, 1, 2024/02/05, 20:02:16.310, 172319925590, vstest.console.dll, AssemblyResolver.ctor: Creating AssemblyResolver with searchDirectories C:\Program Files\dotnet\sdk\7.0.302\Extensions,C:\Program Files\dotnet\sdk\7.0.302
TpTrace Verbose: 0 : 29708, 1, 2024/02/05, 20:02:16.310, 172319932443, vstest.console.dll, TestPluginCache.DiscoverTestExtensions: Discovering the extensions using extension path.
TpTrace Verbose: 0 : 29708, 1, 2024/02/05, 20:02:16.311, 172319933260, vstest.console.dll, TestPluginCache.GetExtensionPaths: Filtered extension paths: 
TpTrace Verbose: 0 : 29708, 1, 2024/02/05, 20:02:16.311, 172319933433, vstest.console.dll, TestPluginCache.GetExtensionPaths: Added default extension paths: C:\Program Files\dotnet\sdk\7.0.302\Extensions\Microsoft.Diagnostics.NETCore.Client.dll
C:\Program Files\dotnet\sdk\7.0.302\Extensions\Microsoft.TestPlatform.Extensions.BlameDataCollector.dll
C:\Program Files\dotnet\sdk\7.0.302\Extensions\Microsoft.TestPlatform.Extensions.EventLogCollector.dll
C:\Program Files\dotnet\sdk\7.0.302\Extensions\Microsoft.TestPlatform.TestHostRuntimeProvider.dll
C:\Program Files\dotnet\sdk\7.0.302\Extensions\Microsoft.VisualStudio.TestPlatform.Extensions.Html.TestLogger.dll
C:\Program Files\dotnet\sdk\7.0.302\Extensions\Microsoft.VisualStudio.TestPlatform.Extensions.Trx.TestLogger.dll
TpTrace Verbose: 0 : 29708, 1, 2024/02/05, 20:02:16.311, 172319933587, vstest.console.dll, TestPluginCache.GetExtensionPaths: Added unfilterableExtensionPaths: 
TpTrace Verbose: 0 : 29708, 1, 2024/02/05, 20:02:16.311, 172319934094, vstest.console.dll, TestPluginCache.DiscoverTestExtensions: Discovering the extensions using allExtensionPaths: C:\Program Files\dotnet\sdk\7.0.302\Extensions\Microsoft.Diagnostics.NETCore.Client.dll
C:\Program Files\dotnet\sdk\7.0.302\Extensions\Microsoft.TestPlatform.Extensions.BlameDataCollector.dll
C:\Program Files\dotnet\sdk\7.0.302\Extensions\Microsoft.TestPlatform.Extensions.EventLogCollector.dll
C:\Program Files\dotnet\sdk\7.0.302\Extensions\Microsoft.TestPlatform.TestHostRuntimeProvider.dll
C:\Program Files\dotnet\sdk\7.0.302\Extensions\Microsoft.VisualStudio.TestPlatform.Extensions.Html.TestLogger.dll
C:\Program Files\dotnet\sdk\7.0.302\Extensions\Microsoft.VisualStudio.TestPlatform.Extensions.Trx.TestLogger.dll
TpTrace Information: 0 : 29708, 1, 2024/02/05, 20:02:16.311, 172319935103, vstest.console.dll, AssemblyResolver.AddSearchDirectories: Adding more searchDirectories C:\Program Files\dotnet\sdk\7.0.302\Extensions,C:\Program Files\dotnet\sdk\7.0.302
TpTrace Information: 0 : 29708, 1, 2024/02/05, 20:02:16.311, 172319935441, vstest.console.dll, AssemblyResolver.AddSearchDirectories: Adding more searchDirectories C:\Program Files\dotnet\sdk\7.0.302\Extensions,C:\Program Files\dotnet\sdk\7.0.302
TpTrace Information: 0 : 29708, 1, 2024/02/05, 20:02:16.311, 172319935612, vstest.console.dll, AssemblyResolver.AddSearchDirectories: Adding more searchDirectories C:\Program Files\dotnet\sdk\7.0.302\Extensions,C:\Program Files\dotnet\sdk\7.0.302
TpTrace Information: 0 : 29708, 1, 2024/02/05, 20:02:16.311, 172319935718, vstest.console.dll, AssemblyResolver.AddSearchDirectories: Adding more searchDirectories C:\Program Files\dotnet\sdk\7.0.302\Extensions,C:\Program Files\dotnet\sdk\7.0.302
TpTrace Information: 0 : 29708, 1, 2024/02/05, 20:02:16.311, 172319935821, vstest.console.dll, AssemblyResolver.AddSearchDirectories: Adding more searchDirectories C:\Program Files\dotnet\sdk\7.0.302\Extensions,C:\Program Files\dotnet\sdk\7.0.302
TpTrace Information: 0 : 29708, 1, 2024/02/05, 20:02:16.311, 172319935923, vstest.console.dll, AssemblyResolver.AddSearchDirectories: Adding more searchDirectories C:\Program Files\dotnet\sdk\7.0.302\Extensions,C:\Program Files\dotnet\sdk\7.0.302
TpTrace Information: 0 : 29708, 1, 2024/02/05, 20:02:16.311, 172319938519, vstest.console.dll, AssemblyResolver.OnResolve: Microsoft.Diagnostics.NETCore.Client: Resolving assembly.
TpTrace Information: 0 : 29708, 1, 2024/02/05, 20:02:16.311, 172319938921, vstest.console.dll, AssemblyResolver.OnResolve: Microsoft.Diagnostics.NETCore.Client: Searching in: 'C:\Program Files\dotnet\sdk\7.0.302\Extensions'.
TpTrace Information: 0 : 29708, 1, 2024/02/05, 20:02:16.315, 172319980860, vstest.console.dll, AssemblyResolver.OnResolve: Microsoft.Diagnostics.NETCore.Client: Loading assembly 'C:\Program Files\dotnet\sdk\7.0.302\Extensions\Microsoft.Diagnostics.NETCore.Client.dll'.
TpTrace Information: 0 : 29708, 1, 2024/02/05, 20:02:16.316, 172319985089, vstest.console.dll, AssemblyResolver.OnResolve: Resolved assembly: Microsoft.Diagnostics.NETCore.Client, from path: C:\Program Files\dotnet\sdk\7.0.302\Extensions\Microsoft.Diagnostics.NETCore.Client.dll
TpTrace Verbose: 0 : 29708, 1, 2024/02/05, 20:02:16.316, 172319992089, vstest.console.dll, MetadataReaderExtensionsHelper: Discovering extensions inside assembly 'Microsoft.Diagnostics.NETCore.Client, Version=0.2.6.42401, Culture=neutral, PublicKeyToken=31bf3856ad364e35' file path 'C:\Program Files\dotnet\sdk\7.0.302\Extensions\Microsoft.Diagnostics.NETCore.Client.dll'
TpTrace Information: 0 : 29708, 1, 2024/02/05, 20:02:16.319, 172320013595, vstest.console.dll, AssemblyResolver.OnResolve: Microsoft.Bcl.AsyncInterfaces: Resolving assembly.
TpTrace Information: 0 : 29708, 1, 2024/02/05, 20:02:16.319, 172320014016, vstest.console.dll, AssemblyResolver.OnResolve: Microsoft.Bcl.AsyncInterfaces: Searching in: 'C:\Program Files\dotnet\sdk\7.0.302\Extensions'.
TpTrace Information: 0 : 29708, 1, 2024/02/05, 20:02:16.319, 172320014385, vstest.console.dll, AssemblyResolver.OnResolve: Microsoft.Bcl.AsyncInterfaces: Assembly path does not exist: 'C:\Program Files\dotnet\sdk\7.0.302\Extensions\Microsoft.Bcl.AsyncInterfaces.dll', returning.
TpTrace Information: 0 : 29708, 1, 2024/02/05, 20:02:16.319, 172320014996, vstest.console.dll, AssemblyResolver.OnResolve: Microsoft.Bcl.AsyncInterfaces: Assembly path does not exist: 'C:\Program Files\dotnet\sdk\7.0.302\Extensions\Microsoft.Bcl.AsyncInterfaces.exe', returning.
TpTrace Information: 0 : 29708, 1, 2024/02/05, 20:02:16.319, 172320015170, vstest.console.dll, AssemblyResolver.OnResolve: Microsoft.Bcl.AsyncInterfaces: Searching in: 'C:\Program Files\dotnet\sdk\7.0.302'.
TpTrace Information: 0 : 29708, 1, 2024/02/05, 20:02:16.319, 172320015422, vstest.console.dll, AssemblyResolver.OnResolve: Microsoft.Bcl.AsyncInterfaces: Assembly path does not exist: 'C:\Program Files\dotnet\sdk\7.0.302\Microsoft.Bcl.AsyncInterfaces.dll', returning.
TpTrace Information: 0 : 29708, 1, 2024/02/05, 20:02:16.319, 172320015623, vstest.console.dll, AssemblyResolver.OnResolve: Microsoft.Bcl.AsyncInterfaces: Assembly path does not exist: 'C:\Program Files\dotnet\sdk\7.0.302\Microsoft.Bcl.AsyncInterfaces.exe', returning.
TpTrace Information: 0 : 29708, 1, 2024/02/05, 20:02:16.319, 172320015721, vstest.console.dll, AssemblyResolver.OnResolve: Microsoft.Bcl.AsyncInterfaces: Failed to load assembly.
TpTrace Verbose: 0 : 29708, 1, 2024/02/05, 20:02:16.319, 172320015902, vstest.console.dll, CurrentDomainAssemblyResolve: Resolving assembly 'Microsoft.Bcl.AsyncInterfaces'.
TpTrace Information: 0 : 29708, 1, 2024/02/05, 20:02:16.319, 172320016176, vstest.console.dll, AssemblyResolver.OnResolve: Microsoft.Bcl.AsyncInterfaces: Resolving assembly.
TpTrace Information: 0 : 29708, 1, 2024/02/05, 20:02:16.319, 172320016335, vstest.console.dll, AssemblyResolver.OnResolve: Microsoft.Bcl.AsyncInterfaces: Resolved from cache.
TpTrace Verbose: 0 : 29708, 1, 2024/02/05, 20:02:16.319, 172320016444, vstest.console.dll, CurrentDomainAssemblyResolve: Resolving assembly 'Microsoft.Bcl.AsyncInterfaces'.
TpTrace Verbose: 0 : 29708, 1, 2024/02/05, 20:02:16.319, 172320016589, vstest.console.dll, CurrentDomainAssemblyResolve: Failed to resolve assembly 'Microsoft.Bcl.AsyncInterfaces'.
TpTrace Verbose: 0 : 29708, 1, 2024/02/05, 20:02:16.319, 172320022006, vstest.console.dll, CurrentDomainAssemblyResolve: Failed to resolve assembly 'Microsoft.Bcl.AsyncInterfaces'.
TpTrace Warning: 0 : 29708, 1, 2024/02/05, 20:02:16.323, 172320060338, vstest.console.dll, TestPluginDiscoverer: Failed to get types from assembly 'Microsoft.Diagnostics.NETCore.Client, Version=0.2.6.42401, Culture=neutral, PublicKeyToken=31bf3856ad364e35'. Error: System.Reflection.ReflectionTypeLoadException: Unable to load one or more of the requested types.
Could not load file or assembly 'Microsoft.Bcl.AsyncInterfaces, Version=1.0.0.0, Culture=neutral, PublicKeyToken=cc7b13ffcd2ddd51'. The system cannot find the file specified.
   at System.Reflection.RuntimeModule.GetTypes(RuntimeModule module)
   at System.Reflection.Assembly.GetTypes()
   at Microsoft.VisualStudio.TestPlatform.Common.ExtensionFramework.TestPluginDiscoverer.GetTestExtensionsFromAssembly[TPluginInfo,TExtension](Assembly assembly, Dictionary`2 pluginInfos, String filePath)
System.IO.FileNotFoundException: Could not load file or assembly 'Microsoft.Bcl.AsyncInterfaces, Version=1.0.0.0, Culture=neutral, PublicKeyToken=cc7b13ffcd2ddd51'. The system cannot find the file specified.
File name: 'Microsoft.Bcl.AsyncInterfaces, Version=1.0.0.0, Culture=neutral, PublicKeyToken=cc7b13ffcd2ddd51'
 ---> System.IO.FileNotFoundException: Could not load file or assembly 'Microsoft.Bcl.AsyncInterfaces, Culture=neutral, PublicKeyToken=null'. The system cannot find the file specified.
File name: 'Microsoft.Bcl.AsyncInterfaces, Culture=neutral, PublicKeyToken=null'
   at System.Reflection.RuntimeAssembly.InternalLoad(AssemblyName assemblyName, StackCrawlMark& stackMark, AssemblyLoadContext assemblyLoadContext, RuntimeAssembly requestingAssembly, Boolean throwOnFileNotFound)
   at System.Reflection.Assembly.Load(AssemblyName assemblyRef)
   at Microsoft.VisualStudio.TestPlatform.Common.ExtensionFramework.TestPluginCache.CurrentDomainAssemblyResolve(Object sender, AssemblyResolveEventArgs args)
   at System.Runtime.Loader.AssemblyLoadContext.GetFirstResolvedAssemblyFromResolvingEvent(AssemblyName assemblyName)
   at System.Runtime.Loader.AssemblyLoadContext.ResolveUsingEvent(AssemblyName assemblyName)
   at System.Runtime.Loader.AssemblyLoadContext.ResolveUsingResolvingEvent(IntPtr gchManagedAssemblyLoadContext, AssemblyName assemblyName)
TpTrace Warning: 0 : 29708, 1, 2024/02/05, 20:02:16.323, 172320062421, vstest.console.dll, LoaderExceptions: System.IO.FileNotFoundException: Could not load file or assembly 'Microsoft.Bcl.AsyncInterfaces, Version=1.0.0.0, Culture=neutral, PublicKeyToken=cc7b13ffcd2ddd51'. The system cannot find the file specified.
File name: 'Microsoft.Bcl.AsyncInterfaces, Version=1.0.0.0, Culture=neutral, PublicKeyToken=cc7b13ffcd2ddd51'
 ---> System.IO.FileNotFoundException: Could not load file or assembly 'Microsoft.Bcl.AsyncInterfaces, Culture=neutral, PublicKeyToken=null'. The system cannot find the file specified.
File name: 'Microsoft.Bcl.AsyncInterfaces, Culture=neutral, PublicKeyToken=null'
   at System.Reflection.RuntimeAssembly.InternalLoad(AssemblyName assemblyName, StackCrawlMark& stackMark, AssemblyLoadContext assemblyLoadContext, RuntimeAssembly requestingAssembly, Boolean throwOnFileNotFound)
   at System.Reflection.Assembly.Load(AssemblyName assemblyRef)
   at Microsoft.VisualStudio.TestPlatform.Common.ExtensionFramework.TestPluginCache.CurrentDomainAssemblyResolve(Object sender, AssemblyResolveEventArgs args)
   at System.Runtime.Loader.AssemblyLoadContext.GetFirstResolvedAssemblyFromResolvingEvent(AssemblyName assemblyName)
   at System.Runtime.Loader.AssemblyLoadContext.ResolveUsingEvent(AssemblyName assemblyName)
   at System.Runtime.Loader.AssemblyLoadContext.ResolveUsingResolvingEvent(IntPtr gchManagedAssemblyLoadContext, AssemblyName assemblyName)
TpTrace Information: 0 : 29708, 1, 2024/02/05, 20:02:16.324, 172320063412, vstest.console.dll, AssemblyResolver.OnResolve: Microsoft.TestPlatform.Extensions.BlameDataCollector: Resolving assembly.
TpTrace Information: 0 : 29708, 1, 2024/02/05, 20:02:16.324, 172320063648, vstest.console.dll, AssemblyResolver.OnResolve: Microsoft.TestPlatform.Extensions.BlameDataCollector: Searching in: 'C:\Program Files\dotnet\sdk\7.0.302\Extensions'.
TpTrace Information: 0 : 29708, 1, 2024/02/05, 20:02:16.324, 172320068772, vstest.console.dll, AssemblyResolver.OnResolve: Microsoft.TestPlatform.Extensions.BlameDataCollector: Loading assembly 'C:\Program Files\dotnet\sdk\7.0.302\Extensions\Microsoft.TestPlatform.Extensions.BlameDataCollector.dll'.
TpTrace Information: 0 : 29708, 1, 2024/02/05, 20:02:16.324, 172320072654, vstest.console.dll, AssemblyResolver.OnResolve: Resolved assembly: Microsoft.TestPlatform.Extensions.BlameDataCollector, from path: C:\Program Files\dotnet\sdk\7.0.302\Extensions\Microsoft.TestPlatform.Extensions.BlameDataCollector.dll
TpTrace Verbose: 0 : 29708, 1, 2024/02/05, 20:02:16.325, 172320073168, vstest.console.dll, MetadataReaderExtensionsHelper: Discovering extensions inside assembly 'Microsoft.TestPlatform.Extensions.BlameDataCollector, Version=15.0.0.0, Culture=neutral, PublicKeyToken=b03f5f7f11d50a3a' file path 'C:\Program Files\dotnet\sdk\7.0.302\Extensions\Microsoft.TestPlatform.Extensions.BlameDataCollector.dll'
TpTrace Information: 0 : 29708, 1, 2024/02/05, 20:02:16.325, 172320082851, vstest.console.dll, AssemblyResolver.OnResolve: Microsoft.TestPlatform.Extensions.EventLogCollector: Resolving assembly.
TpTrace Information: 0 : 29708, 1, 2024/02/05, 20:02:16.326, 172320083251, vstest.console.dll, AssemblyResolver.OnResolve: Microsoft.TestPlatform.Extensions.EventLogCollector: Searching in: 'C:\Program Files\dotnet\sdk\7.0.302\Extensions'.
TpTrace Information: 0 : 29708, 1, 2024/02/05, 20:02:16.326, 172320085445, vstest.console.dll, AssemblyResolver.OnResolve: Microsoft.TestPlatform.Extensions.EventLogCollector: Loading assembly 'C:\Program Files\dotnet\sdk\7.0.302\Extensions\Microsoft.TestPlatform.Extensions.EventLogCollector.dll'.
TpTrace Information: 0 : 29708, 1, 2024/02/05, 20:02:16.326, 172320088031, vstest.console.dll, AssemblyResolver.OnResolve: Resolved assembly: Microsoft.TestPlatform.Extensions.EventLogCollector, from path: C:\Program Files\dotnet\sdk\7.0.302\Extensions\Microsoft.TestPlatform.Extensions.EventLogCollector.dll
TpTrace Verbose: 0 : 29708, 1, 2024/02/05, 20:02:16.326, 172320088430, vstest.console.dll, MetadataReaderExtensionsHelper: Discovering extensions inside assembly 'Microsoft.TestPlatform.Extensions.EventLogCollector, Version=15.0.0.0, Culture=neutral, PublicKeyToken=b03f5f7f11d50a3a' file path 'C:\Program Files\dotnet\sdk\7.0.302\Extensions\Microsoft.TestPlatform.Extensions.EventLogCollector.dll'
TpTrace Information: 0 : 29708, 1, 2024/02/05, 20:02:16.327, 172320098885, vstest.console.dll, AssemblyResolver.OnResolve: Microsoft.TestPlatform.TestHostRuntimeProvider: Resolving assembly.
TpTrace Information: 0 : 29708, 1, 2024/02/05, 20:02:16.327, 172320099316, vstest.console.dll, AssemblyResolver.OnResolve: Microsoft.TestPlatform.TestHostRuntimeProvider: Searching in: 'C:\Program Files\dotnet\sdk\7.0.302\Extensions'.
TpTrace Information: 0 : 29708, 1, 2024/02/05, 20:02:16.327, 172320102131, vstest.console.dll, AssemblyResolver.OnResolve: Microsoft.TestPlatform.TestHostRuntimeProvider: Loading assembly 'C:\Program Files\dotnet\sdk\7.0.302\Extensions\Microsoft.TestPlatform.TestHostRuntimeProvider.dll'.
TpTrace Information: 0 : 29708, 1, 2024/02/05, 20:02:16.328, 172320105294, vstest.console.dll, AssemblyResolver.OnResolve: Resolved assembly: Microsoft.TestPlatform.TestHostRuntimeProvider, from path: C:\Program Files\dotnet\sdk\7.0.302\Extensions\Microsoft.TestPlatform.TestHostRuntimeProvider.dll
TpTrace Verbose: 0 : 29708, 1, 2024/02/05, 20:02:16.328, 172320105739, vstest.console.dll, MetadataReaderExtensionsHelper: Discovering extensions inside assembly 'Microsoft.TestPlatform.TestHostRuntimeProvider, Version=15.0.0.0, Culture=neutral, PublicKeyToken=b03f5f7f11d50a3a' file path 'C:\Program Files\dotnet\sdk\7.0.302\Extensions\Microsoft.TestPlatform.TestHostRuntimeProvider.dll'
TpTrace Information: 0 : 29708, 1, 2024/02/05, 20:02:16.329, 172320116253, vstest.console.dll, GetTestExtensionFromType: Register extension with identifier data 'HostProvider://DefaultTestHost' and type 'Microsoft.VisualStudio.TestPlatform.CrossPlatEngine.Hosting.DefaultTestHostManager, Microsoft.TestPlatform.TestHostRuntimeProvider, Version=15.0.0.0, Culture=neutral, PublicKeyToken=b03f5f7f11d50a3a' inside file 'C:\Program Files\dotnet\sdk\7.0.302\Extensions\Microsoft.TestPlatform.TestHostRuntimeProvider.dll'
TpTrace Information: 0 : 29708, 1, 2024/02/05, 20:02:16.329, 172320117839, vstest.console.dll, GetTestExtensionFromType: Register extension with identifier data 'HostProvider://DotnetTestHost' and type 'Microsoft.VisualStudio.TestPlatform.CrossPlatEngine.Hosting.DotnetTestHostManager, Microsoft.TestPlatform.TestHostRuntimeProvider, Version=15.0.0.0, Culture=neutral, PublicKeyToken=b03f5f7f11d50a3a' inside file 'C:\Program Files\dotnet\sdk\7.0.302\Extensions\Microsoft.TestPlatform.TestHostRuntimeProvider.dll'
TpTrace Information: 0 : 29708, 1, 2024/02/05, 20:02:16.329, 172320118282, vstest.console.dll, AssemblyResolver.OnResolve: Microsoft.VisualStudio.TestPlatform.Extensions.Html.TestLogger: Resolving assembly.
TpTrace Information: 0 : 29708, 1, 2024/02/05, 20:02:16.329, 172320118426, vstest.console.dll, AssemblyResolver.OnResolve: Microsoft.VisualStudio.TestPlatform.Extensions.Html.TestLogger: Searching in: 'C:\Program Files\dotnet\sdk\7.0.302\Extensions'.
TpTrace Information: 0 : 29708, 1, 2024/02/05, 20:02:16.329, 172320120698, vstest.console.dll, AssemblyResolver.OnResolve: Microsoft.VisualStudio.TestPlatform.Extensions.Html.TestLogger: Loading assembly 'C:\Program Files\dotnet\sdk\7.0.302\Extensions\Microsoft.VisualStudio.TestPlatform.Extensions.Html.TestLogger.dll'.
TpTrace Information: 0 : 29708, 1, 2024/02/05, 20:02:16.330, 172320123453, vstest.console.dll, AssemblyResolver.OnResolve: Resolved assembly: Microsoft.VisualStudio.TestPlatform.Extensions.Html.TestLogger, from path: C:\Program Files\dotnet\sdk\7.0.302\Extensions\Microsoft.VisualStudio.TestPlatform.Extensions.Html.TestLogger.dll
TpTrace Verbose: 0 : 29708, 1, 2024/02/05, 20:02:16.330, 172320123916, vstest.console.dll, MetadataReaderExtensionsHelper: Discovering extensions inside assembly 'Microsoft.VisualStudio.TestPlatform.Extensions.Html.TestLogger, Version=15.0.0.0, Culture=neutral, PublicKeyToken=b03f5f7f11d50a3a' file path 'C:\Program Files\dotnet\sdk\7.0.302\Extensions\Microsoft.VisualStudio.TestPlatform.Extensions.Html.TestLogger.dll'
TpTrace Information: 0 : 29708, 1, 2024/02/05, 20:02:16.330, 172320129224, vstest.console.dll, AssemblyResolver.OnResolve: Microsoft.VisualStudio.TestPlatform.Extensions.Trx.TestLogger: Resolving assembly.
TpTrace Information: 0 : 29708, 1, 2024/02/05, 20:02:16.330, 172320129612, vstest.console.dll, AssemblyResolver.OnResolve: Microsoft.VisualStudio.TestPlatform.Extensions.Trx.TestLogger: Searching in: 'C:\Program Files\dotnet\sdk\7.0.302\Extensions'.
TpTrace Information: 0 : 29708, 1, 2024/02/05, 20:02:16.330, 172320132129, vstest.console.dll, AssemblyResolver.OnResolve: Microsoft.VisualStudio.TestPlatform.Extensions.Trx.TestLogger: Loading assembly 'C:\Program Files\dotnet\sdk\7.0.302\Extensions\Microsoft.VisualStudio.TestPlatform.Extensions.Trx.TestLogger.dll'.
TpTrace Information: 0 : 29708, 1, 2024/02/05, 20:02:16.331, 172320134952, vstest.console.dll, AssemblyResolver.OnResolve: Resolved assembly: Microsoft.VisualStudio.TestPlatform.Extensions.Trx.TestLogger, from path: C:\Program Files\dotnet\sdk\7.0.302\Extensions\Microsoft.VisualStudio.TestPlatform.Extensions.Trx.TestLogger.dll
TpTrace Verbose: 0 : 29708, 1, 2024/02/05, 20:02:16.331, 172320135357, vstest.console.dll, MetadataReaderExtensionsHelper: Discovering extensions inside assembly 'Microsoft.VisualStudio.TestPlatform.Extensions.Trx.TestLogger, Version=15.0.0.0, Culture=neutral, PublicKeyToken=b03f5f7f11d50a3a' file path 'C:\Program Files\dotnet\sdk\7.0.302\Extensions\Microsoft.VisualStudio.TestPlatform.Extensions.Trx.TestLogger.dll'
TpTrace Verbose: 0 : 29708, 1, 2024/02/05, 20:02:16.331, 172320141995, vstest.console.dll, TestPluginCache: Discovered the extensions using extension path ''.
TpTrace Verbose: 0 : 29708, 1, 2024/02/05, 20:02:16.331, 172320142418, vstest.console.dll, TestPluginCache: Discoverers are ''.
TpTrace Verbose: 0 : 29708, 1, 2024/02/05, 20:02:16.331, 172320142536, vstest.console.dll, TestPluginCache: Executors are ''.
TpTrace Verbose: 0 : 29708, 1, 2024/02/05, 20:02:16.331, 172320142634, vstest.console.dll, TestPluginCache: Executors2 are ''.
TpTrace Verbose: 0 : 29708, 1, 2024/02/05, 20:02:16.331, 172320142729, vstest.console.dll, TestPluginCache: Setting providers are ''.
TpTrace Verbose: 0 : 29708, 1, 2024/02/05, 20:02:16.331, 172320142825, vstest.console.dll, TestPluginCache: Loggers are ''.
TpTrace Verbose: 0 : 29708, 1, 2024/02/05, 20:02:16.332, 172320143612, vstest.console.dll, TestPluginCache: TestHosts are 'HostProvider://DefaultTestHost,HostProvider://DotnetTestHost'.
TpTrace Verbose: 0 : 29708, 1, 2024/02/05, 20:02:16.332, 172320143745, vstest.console.dll, TestPluginCache: DataCollectors are ''.
TpTrace Information: 0 : 29708, 1, 2024/02/05, 20:02:16.338, 172320204278, vstest.console.dll, RunTestsArgumentProcessor:Execute: Test run is starting.
TpTrace Verbose: 0 : 29708, 1, 2024/02/05, 20:02:16.338, 172320204770, vstest.console.dll, RunTestsArgumentProcessor:Execute: Queuing Test run.
TpTrace Information: 0 : 29708, 1, 2024/02/05, 20:02:16.338, 172320206102, vstest.console.dll, TestRequestManager.RunTests: run tests started.
TpTrace Information: 0 : 29708, 1, 2024/02/05, 20:02:16.339, 172320213206, vstest.console.dll, AssemblyMetadataProvider.GetFrameworkName: Determined framework:'.NETCoreApp,Version=v7.0' for source: 'C:\Users\Mohamed Nouh\source\repos\buildinglink\BuildingLink.Core.Tests\bin\Debug\net7.0\fine-code-coverage\build-output\BuildingLink.Core.Tests.dll'
TpTrace Information: 0 : 29708, 1, 2024/02/05, 20:02:16.339, 172320214436, vstest.console.dll, Determined framework for all sources: .NETCoreApp,Version=v7.0
TpTrace Verbose: 0 : 29708, 1, 2024/02/05, 20:02:16.339, 172320216799, vstest.console.dll, TestRequestManager.UpdateRunSettingsIfRequired: Default architecture: X64 IsDefaultTargetArchitecture: True, Current process architecture: X64 OperatingSystem: Windows.
TpTrace Information: 0 : 29708, 1, 2024/02/05, 20:02:16.340, 172320227996, vstest.console.dll, AssemblyMetadataProvider.GetArchitecture: Determined architecture:AnyCPU info for assembly: C:\Users\Mohamed Nouh\source\repos\buildinglink\BuildingLink.Core.Tests\bin\Debug\net7.0\fine-code-coverage\build-output\BuildingLink.Core.Tests.dll
TpTrace Information: 0 : 29708, 1, 2024/02/05, 20:02:16.340, 172320228371, vstest.console.dll, Determined platform for source 'C:\Users\Mohamed Nouh\source\repos\buildinglink\BuildingLink.Core.Tests\bin\Debug\net7.0\fine-code-coverage\build-output\BuildingLink.Core.Tests.dll' was AnyCPU and it will use the default plaform X64.
TpTrace Information: 0 : 29708, 1, 2024/02/05, 20:02:16.340, 172320228527, vstest.console.dll, None of the sources provided any runnable platform, using the default platform: X64
TpTrace Information: 0 : 29708, 1, 2024/02/05, 20:02:16.340, 172320228992, vstest.console.dll, Platform was updated to 'X64'.
TpTrace Information: 0 : 29708, 1, 2024/02/05, 20:02:16.342, 172320249056, vstest.console.dll, InferRunSettingsHelper.IsTestSettingsEnabled: Unable to navigate to RunSettings/MSTest. Current node: RunSettings
TpTrace Information: 0 : 29708, 1, 2024/02/05, 20:02:16.342, 172320252884, vstest.console.dll, AssemblyResolver.OnResolve: Microsoft.VisualStudio.TestPlatform.Fakes: Resolving assembly.
TpTrace Information: 0 : 29708, 1, 2024/02/05, 20:02:16.343, 172320253245, vstest.console.dll, AssemblyResolver.OnResolve: Microsoft.VisualStudio.TestPlatform.Fakes: Searching in: 'C:\Program Files\dotnet\sdk\7.0.302\Extensions'.
TpTrace Information: 0 : 29708, 1, 2024/02/05, 20:02:16.343, 172320253646, vstest.console.dll, AssemblyResolver.OnResolve: Microsoft.VisualStudio.TestPlatform.Fakes: Assembly path does not exist: 'C:\Program Files\dotnet\sdk\7.0.302\Extensions\Microsoft.VisualStudio.TestPlatform.Fakes.dll', returning.
TpTrace Information: 0 : 29708, 1, 2024/02/05, 20:02:16.343, 172320253856, vstest.console.dll, AssemblyResolver.OnResolve: Microsoft.VisualStudio.TestPlatform.Fakes: Assembly path does not exist: 'C:\Program Files\dotnet\sdk\7.0.302\Extensions\Microsoft.VisualStudio.TestPlatform.Fakes.exe', returning.
TpTrace Information: 0 : 29708, 1, 2024/02/05, 20:02:16.343, 172320254006, vstest.console.dll, AssemblyResolver.OnResolve: Microsoft.VisualStudio.TestPlatform.Fakes: Searching in: 'C:\Program Files\dotnet\sdk\7.0.302'.
TpTrace Information: 0 : 29708, 1, 2024/02/05, 20:02:16.343, 172320254239, vstest.console.dll, AssemblyResolver.OnResolve: Microsoft.VisualStudio.TestPlatform.Fakes: Assembly path does not exist: 'C:\Program Files\dotnet\sdk\7.0.302\Microsoft.VisualStudio.TestPlatform.Fakes.dll', returning.
TpTrace Information: 0 : 29708, 1, 2024/02/05, 20:02:16.343, 172320254424, vstest.console.dll, AssemblyResolver.OnResolve: Microsoft.VisualStudio.TestPlatform.Fakes: Assembly path does not exist: 'C:\Program Files\dotnet\sdk\7.0.302\Microsoft.VisualStudio.TestPlatform.Fakes.exe', returning.
TpTrace Information: 0 : 29708, 1, 2024/02/05, 20:02:16.343, 172320254525, vstest.console.dll, AssemblyResolver.OnResolve: Microsoft.VisualStudio.TestPlatform.Fakes: Failed to load assembly.
TpTrace Information: 0 : 29708, 1, 2024/02/05, 20:02:16.343, 172320255995, vstest.console.dll, Failed to load assembly Microsoft.VisualStudio.TestPlatform.Fakes, Version=17.0.0.0, Culture=neutral. Reason:System.IO.FileNotFoundException: Could not load file or assembly 'Microsoft.VisualStudio.TestPlatform.Fakes, Version=17.0.0.0, Culture=neutral, PublicKeyToken=null'. The system cannot find the file specified.
File name: 'Microsoft.VisualStudio.TestPlatform.Fakes, Version=17.0.0.0, Culture=neutral, PublicKeyToken=null'
   at System.Reflection.RuntimeAssembly.InternalLoad(AssemblyName assemblyName, StackCrawlMark& stackMark, AssemblyLoadContext assemblyLoadContext, RuntimeAssembly requestingAssembly, Boolean throwOnFileNotFound)
   at System.Reflection.Assembly.Load(AssemblyName assemblyRef)
   at Microsoft.VisualStudio.TestPlatform.Common.Utilities.FakesUtilities.LoadTestPlatformAssembly()
TpTrace Verbose: 0 : 29708, 1, 2024/02/05, 20:02:16.345, 172320275356, vstest.console.dll, TestPluginCache.DiscoverTestExtensions: finding test extensions in assemblies ends with: TestLogger.dll TPluginInfo: Microsoft.VisualStudio.TestPlatform.Common.ExtensionFramework.Utilities.TestLoggerPluginInformation TExtension: Microsoft.VisualStudio.TestPlatform.ObjectModel.Client.ITestLogger
TpTrace Verbose: 0 : 29708, 1, 2024/02/05, 20:02:16.345, 172320275886, vstest.console.dll, TestPluginCache.GetExtensionPaths: Filtered extension paths: 
TpTrace Verbose: 0 : 29708, 1, 2024/02/05, 20:02:16.345, 172320276047, vstest.console.dll, TestPluginCache.GetExtensionPaths: Added default extension paths: C:\Program Files\dotnet\sdk\7.0.302\Extensions\Microsoft.Diagnostics.NETCore.Client.dll
C:\Program Files\dotnet\sdk\7.0.302\Extensions\Microsoft.TestPlatform.Extensions.BlameDataCollector.dll
C:\Program Files\dotnet\sdk\7.0.302\Extensions\Microsoft.TestPlatform.Extensions.EventLogCollector.dll
C:\Program Files\dotnet\sdk\7.0.302\Extensions\Microsoft.TestPlatform.TestHostRuntimeProvider.dll
C:\Program Files\dotnet\sdk\7.0.302\Extensions\Microsoft.VisualStudio.TestPlatform.Extensions.Html.TestLogger.dll
C:\Program Files\dotnet\sdk\7.0.302\Extensions\Microsoft.VisualStudio.TestPlatform.Extensions.Trx.TestLogger.dll
TpTrace Verbose: 0 : 29708, 1, 2024/02/05, 20:02:16.345, 172320276182, vstest.console.dll, TestPluginCache.GetExtensionPaths: Added unfilterableExtensionPaths: 
TpTrace Information: 0 : 29708, 1, 2024/02/05, 20:02:16.345, 172320276806, vstest.console.dll, AssemblyResolver.AddSearchDirectories: Adding more searchDirectories C:\Program Files\dotnet\sdk\7.0.302\Extensions,C:\Program Files\dotnet\sdk\7.0.302
TpTrace Verbose: 0 : 29708, 1, 2024/02/05, 20:02:16.345, 172320276992, vstest.console.dll, TestPluginCache.DiscoverTestExtensions: Discovering the extensions using extension path.
TpTrace Verbose: 0 : 29708, 1, 2024/02/05, 20:02:16.345, 172320277125, vstest.console.dll, TestPluginCache.GetExtensionPaths: Filtered extension paths: 
TpTrace Verbose: 0 : 29708, 1, 2024/02/05, 20:02:16.345, 172320277254, vstest.console.dll, TestPluginCache.GetExtensionPaths: Added default extension paths: C:\Program Files\dotnet\sdk\7.0.302\Extensions\Microsoft.Diagnostics.NETCore.Client.dll
C:\Program Files\dotnet\sdk\7.0.302\Extensions\Microsoft.TestPlatform.Extensions.BlameDataCollector.dll
C:\Program Files\dotnet\sdk\7.0.302\Extensions\Microsoft.TestPlatform.Extensions.EventLogCollector.dll
C:\Program Files\dotnet\sdk\7.0.302\Extensions\Microsoft.TestPlatform.TestHostRuntimeProvider.dll
C:\Program Files\dotnet\sdk\7.0.302\Extensions\Microsoft.VisualStudio.TestPlatform.Extensions.Html.TestLogger.dll
C:\Program Files\dotnet\sdk\7.0.302\Extensions\Microsoft.VisualStudio.TestPlatform.Extensions.Trx.TestLogger.dll
TpTrace Verbose: 0 : 29708, 1, 2024/02/05, 20:02:16.345, 172320277365, vstest.console.dll, TestPluginCache.GetExtensionPaths: Added unfilterableExtensionPaths: 
TpTrace Verbose: 0 : 29708, 1, 2024/02/05, 20:02:16.345, 172320277503, vstest.console.dll, TestPluginCache.DiscoverTestExtensions: Discovering the extensions using allExtensionPaths: C:\Program Files\dotnet\sdk\7.0.302\Extensions\Microsoft.Diagnostics.NETCore.Client.dll
C:\Program Files\dotnet\sdk\7.0.302\Extensions\Microsoft.TestPlatform.Extensions.BlameDataCollector.dll
C:\Program Files\dotnet\sdk\7.0.302\Extensions\Microsoft.TestPlatform.Extensions.EventLogCollector.dll
C:\Program Files\dotnet\sdk\7.0.302\Extensions\Microsoft.TestPlatform.TestHostRuntimeProvider.dll
C:\Program Files\dotnet\sdk\7.0.302\Extensions\Microsoft.VisualStudio.TestPlatform.Extensions.Html.TestLogger.dll
C:\Program Files\dotnet\sdk\7.0.302\Extensions\Microsoft.VisualStudio.TestPlatform.Extensions.Trx.TestLogger.dll
TpTrace Information: 0 : 29708, 1, 2024/02/05, 20:02:16.345, 172320277688, vstest.console.dll, AssemblyResolver.AddSearchDirectories: Adding more searchDirectories C:\Program Files\dotnet\sdk\7.0.302\Extensions,C:\Program Files\dotnet\sdk\7.0.302
TpTrace Information: 0 : 29708, 1, 2024/02/05, 20:02:16.345, 172320277835, vstest.console.dll, AssemblyResolver.AddSearchDirectories: Adding more searchDirectories C:\Program Files\dotnet\sdk\7.0.302\Extensions,C:\Program Files\dotnet\sdk\7.0.302
TpTrace Information: 0 : 29708, 1, 2024/02/05, 20:02:16.345, 172320277942, vstest.console.dll, AssemblyResolver.AddSearchDirectories: Adding more searchDirectories C:\Program Files\dotnet\sdk\7.0.302\Extensions,C:\Program Files\dotnet\sdk\7.0.302
TpTrace Information: 0 : 29708, 1, 2024/02/05, 20:02:16.345, 172320278047, vstest.console.dll, AssemblyResolver.AddSearchDirectories: Adding more searchDirectories C:\Program Files\dotnet\sdk\7.0.302\Extensions,C:\Program Files\dotnet\sdk\7.0.302
TpTrace Information: 0 : 29708, 1, 2024/02/05, 20:02:16.345, 172320278168, vstest.console.dll, AssemblyResolver.AddSearchDirectories: Adding more searchDirectories C:\Program Files\dotnet\sdk\7.0.302\Extensions,C:\Program Files\dotnet\sdk\7.0.302
TpTrace Information: 0 : 29708, 1, 2024/02/05, 20:02:16.345, 172320278273, vstest.console.dll, AssemblyResolver.AddSearchDirectories: Adding more searchDirectories C:\Program Files\dotnet\sdk\7.0.302\Extensions,C:\Program Files\dotnet\sdk\7.0.302
TpTrace Verbose: 0 : 29708, 1, 2024/02/05, 20:02:16.345, 172320278816, vstest.console.dll, MetadataReaderExtensionsHelper: Discovering extensions inside assembly 'Microsoft.Diagnostics.NETCore.Client, Version=0.2.6.42401, Culture=neutral, PublicKeyToken=31bf3856ad364e35' file path 'C:\Program Files\dotnet\sdk\7.0.302\Extensions\Microsoft.Diagnostics.NETCore.Client.dll'
TpTrace Information: 0 : 29708, 1, 2024/02/05, 20:02:16.346, 172320284776, vstest.console.dll, AssemblyResolver.OnResolve: Microsoft.Bcl.AsyncInterfaces: Resolving assembly.
TpTrace Information: 0 : 29708, 1, 2024/02/05, 20:02:16.346, 172320285165, vstest.console.dll, AssemblyResolver.OnResolve: Microsoft.Bcl.AsyncInterfaces: Resolved from cache.
TpTrace Verbose: 0 : 29708, 1, 2024/02/05, 20:02:16.346, 172320285303, vstest.console.dll, CurrentDomainAssemblyResolve: Resolving assembly 'Microsoft.Bcl.AsyncInterfaces'.
TpTrace Information: 0 : 29708, 1, 2024/02/05, 20:02:16.346, 172320285536, vstest.console.dll, AssemblyResolver.OnResolve: Microsoft.Bcl.AsyncInterfaces: Resolving assembly.
TpTrace Information: 0 : 29708, 1, 2024/02/05, 20:02:16.346, 172320285642, vstest.console.dll, AssemblyResolver.OnResolve: Microsoft.Bcl.AsyncInterfaces: Resolved from cache.
TpTrace Verbose: 0 : 29708, 1, 2024/02/05, 20:02:16.346, 172320285743, vstest.console.dll, CurrentDomainAssemblyResolve: Resolving assembly 'Microsoft.Bcl.AsyncInterfaces'.
TpTrace Verbose: 0 : 29708, 1, 2024/02/05, 20:02:16.346, 172320285843, vstest.console.dll, CurrentDomainAssemblyResolve: Failed to resolve assembly 'Microsoft.Bcl.AsyncInterfaces'.
TpTrace Verbose: 0 : 29708, 1, 2024/02/05, 20:02:16.346, 172320286680, vstest.console.dll, CurrentDomainAssemblyResolve: Failed to resolve assembly 'Microsoft.Bcl.AsyncInterfaces'.
TpTrace Warning: 0 : 29708, 1, 2024/02/05, 20:02:16.346, 172320288441, vstest.console.dll, TestPluginDiscoverer: Failed to get types from assembly 'Microsoft.Diagnostics.NETCore.Client, Version=0.2.6.42401, Culture=neutral, PublicKeyToken=31bf3856ad364e35'. Error: System.Reflection.ReflectionTypeLoadException: Unable to load one or more of the requested types.
Could not load file or assembly 'Microsoft.Bcl.AsyncInterfaces, Version=1.0.0.0, Culture=neutral, PublicKeyToken=cc7b13ffcd2ddd51'. The system cannot find the file specified.
   at System.Reflection.RuntimeModule.GetTypes(RuntimeModule module)
   at System.Reflection.Assembly.GetTypes()
   at Microsoft.VisualStudio.TestPlatform.Common.ExtensionFramework.TestPluginDiscoverer.GetTestExtensionsFromAssembly[TPluginInfo,TExtension](Assembly assembly, Dictionary`2 pluginInfos, String filePath)
System.IO.FileNotFoundException: Could not load file or assembly 'Microsoft.Bcl.AsyncInterfaces, Version=1.0.0.0, Culture=neutral, PublicKeyToken=cc7b13ffcd2ddd51'. The system cannot find the file specified.
File name: 'Microsoft.Bcl.AsyncInterfaces, Version=1.0.0.0, Culture=neutral, PublicKeyToken=cc7b13ffcd2ddd51'
 ---> System.IO.FileNotFoundException: Could not load file or assembly 'Microsoft.Bcl.AsyncInterfaces, Culture=neutral, PublicKeyToken=null'. The system cannot find the file specified.
File name: 'Microsoft.Bcl.AsyncInterfaces, Culture=neutral, PublicKeyToken=null'
   at System.Reflection.RuntimeAssembly.InternalLoad(AssemblyName assemblyName, StackCrawlMark& stackMark, AssemblyLoadContext assemblyLoadContext, RuntimeAssembly requestingAssembly, Boolean throwOnFileNotFound)
   at System.Reflection.Assembly.Load(AssemblyName assemblyRef)
   at Microsoft.VisualStudio.TestPlatform.Common.ExtensionFramework.TestPluginCache.CurrentDomainAssemblyResolve(Object sender, AssemblyResolveEventArgs args)
   at System.Runtime.Loader.AssemblyLoadContext.GetFirstResolvedAssemblyFromResolvingEvent(AssemblyName assemblyName)
   at System.Runtime.Loader.AssemblyLoadContext.ResolveUsingEvent(AssemblyName assemblyName)
   at System.Runtime.Loader.AssemblyLoadContext.ResolveUsingResolvingEvent(IntPtr gchManagedAssemblyLoadContext, AssemblyName assemblyName)
TpTrace Warning: 0 : 29708, 1, 2024/02/05, 20:02:16.346, 172320289124, vstest.console.dll, LoaderExceptions: System.IO.FileNotFoundException: Could not load file or assembly 'Microsoft.Bcl.AsyncInterfaces, Version=1.0.0.0, Culture=neutral, PublicKeyToken=cc7b13ffcd2ddd51'. The system cannot find the file specified.
File name: 'Microsoft.Bcl.AsyncInterfaces, Version=1.0.0.0, Culture=neutral, PublicKeyToken=cc7b13ffcd2ddd51'
 ---> System.IO.FileNotFoundException: Could not load file or assembly 'Microsoft.Bcl.AsyncInterfaces, Culture=neutral, PublicKeyToken=null'. The system cannot find the file specified.
File name: 'Microsoft.Bcl.AsyncInterfaces, Culture=neutral, PublicKeyToken=null'
   at System.Reflection.RuntimeAssembly.InternalLoad(AssemblyName assemblyName, StackCrawlMark& stackMark, AssemblyLoadContext assemblyLoadContext, RuntimeAssembly requestingAssembly, Boolean throwOnFileNotFound)
   at System.Reflection.Assembly.Load(AssemblyName assemblyRef)
   at Microsoft.VisualStudio.TestPlatform.Common.ExtensionFramework.TestPluginCache.CurrentDomainAssemblyResolve(Object sender, AssemblyResolveEventArgs args)
   at System.Runtime.Loader.AssemblyLoadContext.GetFirstResolvedAssemblyFromResolvingEvent(AssemblyName assemblyName)
   at System.Runtime.Loader.AssemblyLoadContext.ResolveUsingEvent(AssemblyName assemblyName)
   at System.Runtime.Loader.AssemblyLoadContext.ResolveUsingResolvingEvent(IntPtr gchManagedAssemblyLoadContext, AssemblyName assemblyName)
TpTrace Verbose: 0 : 29708, 1, 2024/02/05, 20:02:16.346, 172320289476, vstest.console.dll, MetadataReaderExtensionsHelper: Discovering extensions inside assembly 'Microsoft.TestPlatform.Extensions.BlameDataCollector, Version=15.0.0.0, Culture=neutral, PublicKeyToken=b03f5f7f11d50a3a' file path 'C:\Program Files\dotnet\sdk\7.0.302\Extensions\Microsoft.TestPlatform.Extensions.BlameDataCollector.dll'
TpTrace Information: 0 : 29708, 1, 2024/02/05, 20:02:16.346, 172320292892, vstest.console.dll, GetTestExtensionFromType: Register extension with identifier data 'logger://Microsoft/TestPlatform/Extensions/Blame/v1' and type 'Microsoft.TestPlatform.Extensions.BlameDataCollector.BlameLogger, Microsoft.TestPlatform.Extensions.BlameDataCollector, Version=15.0.0.0, Culture=neutral, PublicKeyToken=b03f5f7f11d50a3a' inside file 'C:\Program Files\dotnet\sdk\7.0.302\Extensions\Microsoft.TestPlatform.Extensions.BlameDataCollector.dll'
TpTrace Verbose: 0 : 29708, 1, 2024/02/05, 20:02:16.347, 172320293317, vstest.console.dll, MetadataReaderExtensionsHelper: Discovering extensions inside assembly 'Microsoft.TestPlatform.Extensions.EventLogCollector, Version=15.0.0.0, Culture=neutral, PublicKeyToken=b03f5f7f11d50a3a' file path 'C:\Program Files\dotnet\sdk\7.0.302\Extensions\Microsoft.TestPlatform.Extensions.EventLogCollector.dll'
TpTrace Verbose: 0 : 29708, 1, 2024/02/05, 20:02:16.347, 172320295636, vstest.console.dll, MetadataReaderExtensionsHelper: Discovering extensions inside assembly 'Microsoft.TestPlatform.TestHostRuntimeProvider, Version=15.0.0.0, Culture=neutral, PublicKeyToken=b03f5f7f11d50a3a' file path 'C:\Program Files\dotnet\sdk\7.0.302\Extensions\Microsoft.TestPlatform.TestHostRuntimeProvider.dll'
TpTrace Verbose: 0 : 29708, 1, 2024/02/05, 20:02:16.347, 172320298006, vstest.console.dll, MetadataReaderExtensionsHelper: Discovering extensions inside assembly 'Microsoft.VisualStudio.TestPlatform.Extensions.Html.TestLogger, Version=15.0.0.0, Culture=neutral, PublicKeyToken=b03f5f7f11d50a3a' file path 'C:\Program Files\dotnet\sdk\7.0.302\Extensions\Microsoft.VisualStudio.TestPlatform.Extensions.Html.TestLogger.dll'
TpTrace Information: 0 : 29708, 1, 2024/02/05, 20:02:16.347, 172320301547, vstest.console.dll, GetTestExtensionFromType: Register extension with identifier data 'logger://Microsoft/TestPlatform/HtmlLogger/v1' and type 'Microsoft.VisualStudio.TestPlatform.Extensions.HtmlLogger.HtmlLogger, Microsoft.VisualStudio.TestPlatform.Extensions.Html.TestLogger, Version=15.0.0.0, Culture=neutral, PublicKeyToken=b03f5f7f11d50a3a' inside file 'C:\Program Files\dotnet\sdk\7.0.302\Extensions\Microsoft.VisualStudio.TestPlatform.Extensions.Html.TestLogger.dll'
TpTrace Verbose: 0 : 29708, 1, 2024/02/05, 20:02:16.347, 172320301998, vstest.console.dll, MetadataReaderExtensionsHelper: Discovering extensions inside assembly 'Microsoft.VisualStudio.TestPlatform.Extensions.Trx.TestLogger, Version=15.0.0.0, Culture=neutral, PublicKeyToken=b03f5f7f11d50a3a' file path 'C:\Program Files\dotnet\sdk\7.0.302\Extensions\Microsoft.VisualStudio.TestPlatform.Extensions.Trx.TestLogger.dll'
TpTrace Information: 0 : 29708, 1, 2024/02/05, 20:02:16.348, 172320304754, vstest.console.dll, GetTestExtensionFromType: Register extension with identifier data 'logger://Microsoft/TestPlatform/TrxLogger/v1' and type 'Microsoft.VisualStudio.TestPlatform.Extensions.TrxLogger.TrxLogger, Microsoft.VisualStudio.TestPlatform.Extensions.Trx.TestLogger, Version=15.0.0.0, Culture=neutral, PublicKeyToken=b03f5f7f11d50a3a' inside file 'C:\Program Files\dotnet\sdk\7.0.302\Extensions\Microsoft.VisualStudio.TestPlatform.Extensions.Trx.TestLogger.dll'
TpTrace Verbose: 0 : 29708, 1, 2024/02/05, 20:02:16.348, 172320305275, vstest.console.dll, TestPluginCache: Discovered the extensions using extension path ''.
TpTrace Verbose: 0 : 29708, 1, 2024/02/05, 20:02:16.348, 172320305434, vstest.console.dll, TestPluginCache: Discoverers are ''.
TpTrace Verbose: 0 : 29708, 1, 2024/02/05, 20:02:16.348, 172320305533, vstest.console.dll, TestPluginCache: Executors are ''.
TpTrace Verbose: 0 : 29708, 1, 2024/02/05, 20:02:16.348, 172320305628, vstest.console.dll, TestPluginCache: Executors2 are ''.
TpTrace Verbose: 0 : 29708, 1, 2024/02/05, 20:02:16.348, 172320305719, vstest.console.dll, TestPluginCache: Setting providers are ''.
TpTrace Verbose: 0 : 29708, 1, 2024/02/05, 20:02:16.348, 172320306086, vstest.console.dll, TestPluginCache: Loggers are 'logger://Microsoft/TestPlatform/Extensions/Blame/v1,logger://Microsoft/TestPlatform/HtmlLogger/v1,logger://Microsoft/TestPlatform/TrxLogger/v1'.
TpTrace Verbose: 0 : 29708, 1, 2024/02/05, 20:02:16.348, 172320306281, vstest.console.dll, TestPluginCache: TestHosts are 'HostProvider://DefaultTestHost,HostProvider://DotnetTestHost'.
TpTrace Verbose: 0 : 29708, 1, 2024/02/05, 20:02:16.348, 172320306382, vstest.console.dll, TestPluginCache: DataCollectors are ''.
TpTrace Information: 0 : 29708, 1, 2024/02/05, 20:02:16.348, 172320311163, vstest.console.dll, TestPluginManager.CreateTestExtension: Attempting to load test extension: Microsoft.TestPlatform.Extensions.BlameDataCollector.BlameLogger
TpTrace Verbose: 0 : 29708, 1, 2024/02/05, 20:02:16.353, 172320353041, vstest.console.dll, TestEngine: Initializing Parallel Execution as MaxCpuCount is set to: 1
TpTrace Information: 0 : 29708, 1, 2024/02/05, 20:02:16.354, 172320362931, vstest.console.dll, TestPluginManager.CreateTestExtension: Attempting to load test extension: Microsoft.VisualStudio.TestPlatform.CrossPlatEngine.Hosting.DefaultTestHostManager
TpTrace Information: 0 : 29708, 1, 2024/02/05, 20:02:16.354, 172320366815, vstest.console.dll, TestPluginManager.CreateTestExtension: Attempting to load test extension: Microsoft.VisualStudio.TestPlatform.CrossPlatEngine.Hosting.DotnetTestHostManager
TpTrace Information: 0 : 29708, 1, 2024/02/05, 20:02:16.354, 172320370474, vstest.console.dll, InferRunSettingsHelper.IsTestSettingsEnabled: Unable to navigate to RunSettings/MSTest. Current node: RunSettings
TpTrace Verbose: 0 : 29708, 1, 2024/02/05, 20:02:16.357, 172320397536, vstest.console.dll, TestEngine.GetExecutionManager: Chosen execution manager 'Microsoft.VisualStudio.TestPlatform.CrossPlatEngine.Client.Parallel.ParallelProxyExecutionManager, Microsoft.TestPlatform.CrossPlatEngine, Version=15.0.0.0, Culture=neutral, PublicKeyToken=b03f5f7f11d50a3a' ParallelLevel '1'.
TpTrace Verbose: 0 : 29708, 1, 2024/02/05, 20:02:16.357, 172320398425, vstest.console.dll, TestRunRequest.ExecuteAsync: Creating test run request.
TpTrace Verbose: 0 : 29708, 1, 2024/02/05, 20:02:16.357, 172320399788, vstest.console.dll, TestRunRequest.ExecuteAsync: Starting.
TpTrace Information: 0 : 29708, 1, 2024/02/05, 20:02:16.357, 172320401348, vstest.console.dll, TestRunRequest.ExecuteAsync: Starting run with settings:TestRunCriteria:
   KeepAlive=False,FrequencyOfRunStatsChangeEvent=10,RunStatsChangeEventTimeout=00:00:01.5000000,TestCaseFilter=,TestExecutorLauncher=
   Settingsxml=<RunSettings>
  <RunConfiguration>
    <ResultsDirectory>C:\Users\Mohamed Nouh\source\repos\buildinglink\BuildingLink.Core.Tests\bin\Debug\net7.0\fine-code-coverage\coverage-tool-output</ResultsDirectory>
    <TargetPlatform>X64</TargetPlatform>
    <TargetFrameworkVersion>.NETCoreApp,Version=v7.0</TargetFrameworkVersion>
    <DesignMode>False</DesignMode>
    <CollectSourceInformation>False</CollectSourceInformation>
  </RunConfiguration>
  <LoggerRunSettings>
    <Loggers>
      <Logger friendlyName="blame" enabled="True" />
      <Logger friendlyName="Console" uri="logger://microsoft/TestPlatform/ConsoleLogger/v1" assemblyQualifiedName="Microsoft.VisualStudio.TestPlatform.CommandLine.Internal.ConsoleLogger, vstest.console, Version=15.0.0.0, Culture=neutral, PublicKeyToken=b03f5f7f11d50a3a" codeBase="C:\Program Files\dotnet\sdk\7.0.302\vstest.console.dll" enabled="True" />
    </Loggers>
  </LoggerRunSettings>
  <DataCollectionRunSettings>
    <DataCollectors>
      <DataCollector friendlyName="blame" enabled="True">
        <Configuration>
          <ResultsDirectory>C:\Users\Mohamed Nouh\source\repos\buildinglink\BuildingLink.Core.Tests\bin\Debug\net7.0\fine-code-coverage\coverage-tool-output</ResultsDirectory>
        </Configuration>
      </DataCollector>
    </DataCollectors>
  </DataCollectionRunSettings>
</RunSettings>

TpTrace Verbose: 0 : 29708, 1, 2024/02/05, 20:02:16.357, 172320401598, vstest.console.dll, TestRunRequest.ExecuteAsync: Wait for the first run request is over.
TpTrace Verbose: 0 : 29708, 1, 2024/02/05, 20:02:16.358, 172320403180, vstest.console.dll, MulticastDelegateUtilities.SafeInvoke: TestRun.TestRunStart: Invoking callbacks was skipped because there are no subscribers.
TpTrace Verbose: 0 : 29708, 4, 2024/02/05, 20:02:16.358, 172320404546, vstest.console.dll, MulticastDelegateUtilities.SafeInvoke: InternalTestLoggerEvents.SendTestRunStart: Invoking callback 1/1 for Microsoft.VisualStudio.TestPlatform.CommandLine.Internal.ConsoleLogger., took 0 ms.
TpTrace Verbose: 0 : 29708, 1, 2024/02/05, 20:02:16.358, 172320410239, vstest.console.dll, ParallelProxyExecutionManager: Start execution. Total sources: 1
TpTrace Verbose: 0 : 29708, 1, 2024/02/05, 20:02:16.359, 172320420841, vstest.console.dll, TestRequestSender is acting as server.
TpTrace Verbose: 0 : 29708, 1, 2024/02/05, 20:02:16.361, 172320434109, vstest.console.dll, ParallelOperationManager.RunWorkInParallel: Started work on a host.
TpTrace Verbose: 0 : 29708, 1, 2024/02/05, 20:02:16.361, 172320438627, vstest.console.dll, ProxyParallelExecutionManager: No sources available for execution.
TpTrace Information: 0 : 29708, 1, 2024/02/05, 20:02:16.361, 172320439118, vstest.console.dll, TestRunRequest.ExecuteAsync: Started.
TpTrace Verbose: 0 : 29708, 1, 2024/02/05, 20:02:16.361, 172320439521, vstest.console.dll, TestRunRequest.WaitForCompletion: Waiting with timeout -1.
TpTrace Verbose: 0 : 29708, 5, 2024/02/05, 20:02:16.361, 172320440417, vstest.console.dll, DataCollectionRequestSender.InitializeCommunication : Initialize communication. 
TpTrace Information: 0 : 29708, 5, 2024/02/05, 20:02:16.364, 172320465341, vstest.console.dll, Listening on Endpoint : 127.0.0.1:55586
TpTrace Verbose: 0 : 29708, 5, 2024/02/05, 20:02:16.368, 172320503837, vstest.console.dll, DotnetDataCollectionLauncher: Adding  --runtimeconfig "C:\Program Files\dotnet\sdk\7.0.302\datacollector.runtimeconfig.json" in args
TpTrace Verbose: 0 : 29708, 5, 2024/02/05, 20:02:16.368, 172320504411, vstest.console.dll, DotnetDataCollectionLauncher: Adding  --depsfile "C:\Program Files\dotnet\sdk\7.0.302\datacollector.deps.json" in args
TpTrace Verbose: 0 : 29708, 5, 2024/02/05, 20:02:16.368, 172320505199, vstest.console.dll, DotnetDataCollectionLauncher: Full path of dotnet.exe is C:\Program Files\dotnet\dotnet.exe
TpTrace Information: 0 : 29708, 5, 2024/02/05, 20:02:16.371, 172320539785, vstest.console.dll, ProxyDataCollectionManager.Initialize: Launched datacollector processId: 29836 port: 55586
TpTrace Information: 0 : 29708, 5, 2024/02/05, 20:02:16.371, 172320540652, vstest.console.dll, ProxyDataCollectionManager.Initialize: waiting for connection with timeout: 90 seconds
TpTrace Verbose: 0 : 29708, 5, 2024/02/05, 20:02:16.371, 172320541259, vstest.console.dll, DataCollectionRequestSender.WaitForRequestHandlerConnection : Waiting for connection with timeout: 90000
TpTrace Information: 0 : 29708, 7, 2024/02/05, 20:02:16.455, 172321381599, vstest.console.dll, Using the buffer size of 16384 bytes
TpTrace Verbose: 0 : 29708, 5, 2024/02/05, 20:02:16.455, 172321381736, vstest.console.dll, SocketCommunicationManager.WaitForClientConnection took: 83 ms, with 90000 ms timeout, and finished with True.
TpTrace Information: 0 : 29708, 7, 2024/02/05, 20:02:16.455, 172321382558, vstest.console.dll, Accepted Client request and set the flag
TpTrace Verbose: 0 : 29708, 5, 2024/02/05, 20:02:16.456, 172321383273, vstest.console.dll, ProxyDataCollectionManager.InvokeDataCollectionServiceAction: Starting.
TpTrace Information: 0 : 29708, 5, 2024/02/05, 20:02:16.456, 172321383739, vstest.console.dll, ProxyDataCollectionManager.BeforeTestRunStart: Get environment variable and port for datacollector processId: 29836 port: 55586
TpTrace Verbose: 0 : 29708, 5, 2024/02/05, 20:02:16.456, 172321384317, vstest.console.dll, DataCollectionRequestSender.SendBeforeTestRunStartAndGetResult: Send BeforeTestRunStart message with settingsXml <RunSettings><RunConfiguration><ResultsDirectory>C:\Users\Mohamed Nouh\source\repos\buildinglink\BuildingLink.Core.Tests\bin\Debug\net7.0\fine-code-coverage\coverage-tool-output</ResultsDirectory><TargetPlatform>X64</TargetPlatform><TargetFrameworkVersion>.NETCoreApp,Version=v7.0</TargetFrameworkVersion><DesignMode>False</DesignMode><CollectSourceInformation>False</CollectSourceInformation><TestAdaptersPaths>C:\Program Files\dotnet\sdk\7.0.302\Extensions</TestAdaptersPaths></RunConfiguration><LoggerRunSettings><Loggers><Logger friendlyName="blame" enabled="True" /><Logger friendlyName="Console" uri="logger://microsoft/TestPlatform/ConsoleLogger/v1" assemblyQualifiedName="Microsoft.VisualStudio.TestPlatform.CommandLine.Internal.ConsoleLogger, vstest.console, Version=15.0.0.0, Culture=neutral, PublicKeyToken=b03f5f7f11d50a3a" codeBase="C:\Program Files\dotnet\sdk\7.0.302\vstest.console.dll" enabled="True" /></Loggers></LoggerRunSettings><DataCollectionRunSettings><DataCollectors><DataCollector friendlyName="blame" enabled="True"><Configuration><ResultsDirectory>C:\Users\Mohamed Nouh\source\repos\buildinglink\BuildingLink.Core.Tests\bin\Debug\net7.0\fine-code-coverage\coverage-tool-output</ResultsDirectory></Configuration></DataCollector></DataCollectors></DataCollectionRunSettings></RunSettings> and sources System.Collections.Generic.List`1[System.String]: 
TpTrace Verbose: 0 : 29708, 5, 2024/02/05, 20:02:16.500, 172321832766, vstest.console.dll, DataCollectionRequestSender.SendBeforeTestRunStartAndGetResult: Received message: (DataCollection.SendMessage) -> {"MessageType":"DataCollection.SendMessage","Payload":{"FriendlyName":null,"Uri":null,"TestCaseId":"00000000-0000-0000-0000-000000000000","Message":"Logging DataCollector Diagnostics in file: C:\\Users\\Mohamed Nouh\\source\\repos\\buildinglink\\BuildingLink.Core.Tests\\bin\\Debug\\net7.0\\fine-code-coverage\\coverage-tool-output\\diagnostics.datacollector.24-02-05_20-02-16_36797_5.log","Level":0}}
TpTrace Verbose: 0 : 29708, 5, 2024/02/05, 20:02:16.555, 172322374936, vstest.console.dll, DataCollectionRequestSender.SendBeforeTestRunStartAndGetResult: Received message: (DataCollection.BeforeTestRunStartResult) -> {"MessageType":"DataCollection.BeforeTestRunStartResult","Payload":{"EnvironmentVariables":{},"DataCollectionEventsPort":55588}}
TpTrace Information: 0 : 29708, 5, 2024/02/05, 20:02:16.559, 172322413745, vstest.console.dll, ProxyDataCollectionManager.BeforeTestRunStart: SendBeforeTestRunStartAndGetResult successful, env variable from datacollector:   and testhost port: 55588
TpTrace Information: 0 : 29708, 5, 2024/02/05, 20:02:16.559, 172322415098, vstest.console.dll, ProxyDataCollectionManager.InvokeDataCollectionServiceAction: Completed.
TpTrace Verbose: 0 : 29708, 5, 2024/02/05, 20:02:16.559, 172322416039, vstest.console.dll, ProxyExecutionManager: Test host is always Lazy initialize.
TpTrace Verbose: 0 : 29708, 5, 2024/02/05, 20:02:16.559, 172322419028, vstest.console.dll, TestRequestSender.InitializeCommunication: initialize communication. 
TpTrace Information: 0 : 29708, 5, 2024/02/05, 20:02:16.560, 172322427484, vstest.console.dll, SocketServer.Start: Listening on endpoint : 127.0.0.1:55589
TpTrace Verbose: 0 : 29708, 5, 2024/02/05, 20:02:16.561, 172322440185, vstest.console.dll, DotnetTestHostmanager.GetTestHostProcessStartInfo: Platform environment 'X64' target architecture 'X64' framework '.NETCoreApp,Version=v7.0' OS 'Windows'
TpTrace Verbose: 0 : 29708, 5, 2024/02/05, 20:02:16.561, 172322442917, vstest.console.dll, DotnetTestHostmanager: Adding  --runtimeconfig "C:\Users\Mohamed Nouh\source\repos\buildinglink\BuildingLink.Core.Tests\bin\Debug\net7.0\fine-code-coverage\build-output\BuildingLink.Core.Tests.runtimeconfig.json" in args
TpTrace Verbose: 0 : 29708, 5, 2024/02/05, 20:02:16.562, 172322443498, vstest.console.dll, DotnetTestHostmanager: Adding  --depsfile "C:\Users\Mohamed Nouh\source\repos\buildinglink\BuildingLink.Core.Tests\bin\Debug\net7.0\fine-code-coverage\build-output\BuildingLink.Core.Tests.deps.json" in args
TpTrace Verbose: 0 : 29708, 5, 2024/02/05, 20:02:16.562, 172322444726, vstest.console.dll, DotnetTestHostmanager.IsWinOnArm: Current PROCESSOR_ARCHITECTURE from environment variable 'AMD64'
TpTrace Verbose: 0 : 29708, 5, 2024/02/05, 20:02:16.562, 172322445051, vstest.console.dll, DotnetTestHostmanager.IsWinOnArm: Is Windows on ARM 'False'
TpTrace Verbose: 0 : 29708, 5, 2024/02/05, 20:02:16.562, 172322445449, vstest.console.dll, DotnetTestHostManager: testhost.exe found at path: C:\Users\Mohamed Nouh\source\repos\buildinglink\BuildingLink.Core.Tests\bin\Debug\net7.0\fine-code-coverage\build-output\testhost.exe
TpTrace Verbose: 0 : 29708, 5, 2024/02/05, 20:02:16.562, 172322445673, vstest.console.dll, DotnetTestHostmanager: Full path of host exe is C:\Users\Mohamed Nouh\source\repos\buildinglink\BuildingLink.Core.Tests\bin\Debug\net7.0\fine-code-coverage\build-output\testhost.exe
TpTrace Verbose: 0 : 29708, 5, 2024/02/05, 20:02:16.562, 172322446618, vstest.console.dll, DotnetTestHostmanager.LaunchTestHostAsync: Found 'VSTEST_WINAPPHOST_DOTNET_ROOT' in env variables, value 'C:\Program Files\dotnet', forwarding to 'DOTNET_ROOT'
TpTrace Verbose: 0 : 29708, 5, 2024/02/05, 20:02:16.562, 172322447954, vstest.console.dll, DotnetTestHostManager: Starting process 'C:\Users\Mohamed Nouh\source\repos\buildinglink\BuildingLink.Core.Tests\bin\Debug\net7.0\fine-code-coverage\build-output\testhost.exe' with command line ' --runtimeconfig "C:\Users\Mohamed Nouh\source\repos\buildinglink\BuildingLink.Core.Tests\bin\Debug\net7.0\fine-code-coverage\build-output\BuildingLink.Core.Tests.runtimeconfig.json" --depsfile "C:\Users\Mohamed Nouh\source\repos\buildinglink\BuildingLink.Core.Tests\bin\Debug\net7.0\fine-code-coverage\build-output\BuildingLink.Core.Tests.deps.json" --port 55589 --endpoint 127.0.0.1:055589 --role client --parentprocessid 29708 --diag "C:\Users\Mohamed Nouh\source\repos\buildinglink\BuildingLink.Core.Tests\bin\Debug\net7.0\fine-code-coverage\coverage-tool-output\diagnostics.host.24-02-05_20-02-16_56112_5.log" --tracelevel 4 --datacollectionport 55588 --telemetryoptedin false'
TpTrace Verbose: 0 : 29708, 5, 2024/02/05, 20:02:16.569, 172322516046, vstest.console.dll, MulticastDelegateUtilities.SafeInvoke: HostProviderEvents.OnHostLaunched: Invoking callback 1/2 for Microsoft.VisualStudio.TestPlatform.CrossPlatEngine.Client.ProxyExecutionManagerWithDataCollection., took 1 ms.
TpTrace Verbose: 0 : 29708, 5, 2024/02/05, 20:02:16.569, 172322519562, vstest.console.dll, Test Runtime launched
TpTrace Verbose: 0 : 29708, 5, 2024/02/05, 20:02:16.569, 172322520242, vstest.console.dll, MulticastDelegateUtilities.SafeInvoke: HostProviderEvents.OnHostLaunched: Invoking callback 2/2 for Microsoft.VisualStudio.TestPlatform.CrossPlatEngine.Client.ProxyOperationManager., took 0 ms.
TpTrace Verbose: 0 : 29708, 5, 2024/02/05, 20:02:16.569, 172322521920, vstest.console.dll, TestRequestSender.WaitForRequestHandlerConnection: waiting for connection with timeout: 90000.
TpTrace Verbose: 0 : 29708, 7, 2024/02/05, 20:02:16.664, 172323468106, vstest.console.dll, MulticastDelegateUtilities.SafeInvoke: SocketServer: ClientConnected: Invoking callback 1/1 for Microsoft.VisualStudio.TestPlatform.CommunicationUtilities.TestRequestSender., took 0 ms.
TpTrace Verbose: 0 : 29708, 5, 2024/02/05, 20:02:16.664, 172323468106, vstest.console.dll, TestRequestSender.WaitForRequestHandlerConnection: waiting took 94 ms, with timeout 90000 ms, and result 0, which is success.
TpTrace Verbose: 0 : 29708, 7, 2024/02/05, 20:02:16.664, 172323468927, vstest.console.dll, SocketServer.OnClientConnected: Client connected for endPoint: 127.0.0.1:55589, starting MessageLoopAsync:
TpTrace Verbose: 0 : 29708, 13, 2024/02/05, 20:02:16.664, 172323471317, vstest.console.dll, TcpClientExtensions.MessageLoopAsync: Polling on remoteEndPoint: 127.0.0.1:55590 localEndPoint: 127.0.0.1:55589
TpTrace Verbose: 0 : 29708, 5, 2024/02/05, 20:02:16.665, 172323476060, vstest.console.dll, TestRequestSender.CheckVersionWithTestHost: Sending check version message: {"MessageType":"ProtocolVersion","Payload":7}
TpTrace Verbose: 0 : 29708, 13, 2024/02/05, 20:02:16.736, 172324183654, vstest.console.dll, TcpClientExtensions.MessageLoopAsync: NotifyDataAvailable remoteEndPoint: 127.0.0.1:55590 localEndPoint: 127.0.0.1:55589
TpTrace Verbose: 0 : 29708, 13, 2024/02/05, 20:02:16.736, 172324185253, vstest.console.dll, TestRequestSender.CheckVersionWithTestHost: onMessageReceived received message: (ProtocolVersion) -> {"MessageType":"ProtocolVersion","Payload":7}
TpTrace Verbose: 0 : 29708, 13, 2024/02/05, 20:02:16.736, 172324189156, vstest.console.dll, MulticastDelegateUtilities.SafeInvoke: LengthPrefixCommunicationChannel: MessageReceived: Invoking callback 1/1 for Microsoft.VisualStudio.TestPlatform.CommunicationUtilities.TestRequestSender+<>c__DisplayClass29_0., took 0 ms.
TpTrace Verbose: 0 : 29708, 5, 2024/02/05, 20:02:16.736, 172324189744, vstest.console.dll, TestPluginCache.GetExtensionPaths: Filtered extension paths: 
TpTrace Verbose: 0 : 29708, 13, 2024/02/05, 20:02:16.736, 172324189876, vstest.console.dll, TcpClientExtensions.MessageLoopAsync: Polling on remoteEndPoint: 127.0.0.1:55590 localEndPoint: 127.0.0.1:55589
TpTrace Verbose: 0 : 29708, 5, 2024/02/05, 20:02:16.736, 172324190388, vstest.console.dll, TestPluginCache.GetExtensionPaths: Added default extension paths: C:\Program Files\dotnet\sdk\7.0.302\Extensions\Microsoft.Diagnostics.NETCore.Client.dll
C:\Program Files\dotnet\sdk\7.0.302\Extensions\Microsoft.TestPlatform.Extensions.BlameDataCollector.dll
C:\Program Files\dotnet\sdk\7.0.302\Extensions\Microsoft.TestPlatform.Extensions.EventLogCollector.dll
C:\Program Files\dotnet\sdk\7.0.302\Extensions\Microsoft.TestPlatform.TestHostRuntimeProvider.dll
C:\Program Files\dotnet\sdk\7.0.302\Extensions\Microsoft.VisualStudio.TestPlatform.Extensions.Html.TestLogger.dll
C:\Program Files\dotnet\sdk\7.0.302\Extensions\Microsoft.VisualStudio.TestPlatform.Extensions.Trx.TestLogger.dll
TpTrace Verbose: 0 : 29708, 5, 2024/02/05, 20:02:16.736, 172324190631, vstest.console.dll, TestPluginCache.GetExtensionPaths: Added unfilterableExtensionPaths: 
TpTrace Verbose: 0 : 29708, 5, 2024/02/05, 20:02:16.738, 172324207900, vstest.console.dll, TestRequestSender.InitializeExecution: Sending initialize execution with message: {"Version":7,"MessageType":"TestExecution.Initialize","Payload":["C:\\Users\\Mohamed Nouh\\source\\repos\\buildinglink\\BuildingLink.Core.Tests\\bin\\Debug\\net7.0\\fine-code-coverage\\build-output\\xunit.runner.visualstudio.dotnetcore.testadapter.dll"]}
TpTrace Verbose: 0 : 29708, 5, 2024/02/05, 20:02:16.738, 172324209108, vstest.console.dll, ParallelProxyExecutionManager: Execution started. Started clients: 1
TpTrace Verbose: 0 : 29708, 5, 2024/02/05, 20:02:16.738, 172324210716, vstest.console.dll, TestRunRequest:SendTestRunMessage: Starting.
TpTrace Verbose: 0 : 29708, 5, 2024/02/05, 20:02:16.738, 172324211607, vstest.console.dll, MulticastDelegateUtilities.SafeInvoke: TestRun.LogMessages: Invoking callback 1/1 for Microsoft.VisualStudio.TestPlatform.CommandLine.TestRunResultAggregator., took 0 ms.
TpTrace Information: 0 : 29708, 5, 2024/02/05, 20:02:16.738, 172324211810, vstest.console.dll, TestRunRequest:SendTestRunMessage: Completed.
TpTrace Verbose: 0 : 29708, 4, 2024/02/05, 20:02:16.739, 172324213147, vstest.console.dll, MulticastDelegateUtilities.SafeInvoke: InternalTestLoggerEvents.SendTestRunMessage: Invoking callback 1/1 for Microsoft.VisualStudio.TestPlatform.CommandLine.Internal.ConsoleLogger., took 0 ms.
TpTrace Warning: 0 : 29708, 5, 2024/02/05, 20:02:16.739, 172324214264, vstest.console.dll, InferRunSettingsHelper.MakeRunsettingsCompatible: Removing the following settings: TargetPlatform from RunSettings file. To use those settings please move to latest version of Microsoft.NET.Test.Sdk
TpTrace Verbose: 0 : 29708, 13, 2024/02/05, 20:02:16.739, 172324220006, vstest.console.dll, TcpClientExtensions.MessageLoopAsync: NotifyDataAvailable remoteEndPoint: 127.0.0.1:55590 localEndPoint: 127.0.0.1:55589
TpTrace Verbose: 0 : 29708, 13, 2024/02/05, 20:02:16.739, 172324222408, vstest.console.dll, TestRequestSender.OnExecutionMessageReceived: Received message: {"Version":7,"MessageType":"TestSession.Message","Payload":{"MessageLevel":0,"Message":"Logging TestHost Diagnostics in file: C:\\Users\\Mohamed Nouh\\source\\repos\\buildinglink\\BuildingLink.Core.Tests\\bin\\Debug\\net7.0\\fine-code-coverage\\coverage-tool-output\\diagnostics.host.24-02-05_20-02-16_56112_5.log"}}
TpTrace Verbose: 0 : 29708, 13, 2024/02/05, 20:02:16.741, 172324242214, vstest.console.dll, TestRunRequest:SendTestRunMessage: Starting.
TpTrace Verbose: 0 : 29708, 13, 2024/02/05, 20:02:16.742, 172324243138, vstest.console.dll, MulticastDelegateUtilities.SafeInvoke: TestRun.LogMessages: Invoking callback 1/1 for Microsoft.VisualStudio.TestPlatform.CommandLine.TestRunResultAggregator., took 0 ms.
TpTrace Verbose: 0 : 29708, 4, 2024/02/05, 20:02:16.742, 172324243289, vstest.console.dll, MulticastDelegateUtilities.SafeInvoke: InternalTestLoggerEvents.SendTestRunMessage: Invoking callback 1/1 for Microsoft.VisualStudio.TestPlatform.CommandLine.Internal.ConsoleLogger., took 0 ms.
TpTrace Information: 0 : 29708, 13, 2024/02/05, 20:02:16.742, 172324243461, vstest.console.dll, TestRunRequest:SendTestRunMessage: Completed.
TpTrace Verbose: 0 : 29708, 13, 2024/02/05, 20:02:16.742, 172324244320, vstest.console.dll, MulticastDelegateUtilities.SafeInvoke: LengthPrefixCommunicationChannel: MessageReceived: Invoking callback 1/1 for Microsoft.VisualStudio.TestPlatform.CommunicationUtilities.TestRequestSender+<>c__DisplayClass34_0., took 2 ms.
TpTrace Verbose: 0 : 29708, 13, 2024/02/05, 20:02:16.742, 172324244527, vstest.console.dll, TcpClientExtensions.MessageLoopAsync: Polling on remoteEndPoint: 127.0.0.1:55590 localEndPoint: 127.0.0.1:55589
TpTrace Verbose: 0 : 29708, 5, 2024/02/05, 20:02:16.743, 172324257140, vstest.console.dll, TestRequestSender.StartTestRun: Sending test run with message: {"Version":7,"MessageType":"TestExecution.StartWithSources","Payload":{"AdapterSourceMap":{"_none_":["C:\\Users\\Mohamed Nouh\\source\\repos\\buildinglink\\BuildingLink.Core.Tests\\bin\\Debug\\net7.0\\fine-code-coverage\\build-output\\BuildingLink.Core.Tests.dll"]},"RunSettings":"<RunSettings>\r\n  <RunConfiguration>\r\n    <ResultsDirectory>C:\\Users\\Mohamed Nouh\\source\\repos\\buildinglink\\BuildingLink.Core.Tests\\bin\\Debug\\net7.0\\fine-code-coverage\\coverage-tool-output</ResultsDirectory>\r\n    <TargetFrameworkVersion>.NETCoreApp,Version=v7.0</TargetFrameworkVersion>\r\n    <DesignMode>False</DesignMode>\r\n    <CollectSourceInformation>False</CollectSourceInformation>\r\n  </RunConfiguration>\r\n  <LoggerRunSettings>\r\n    <Loggers>\r\n      <Logger friendlyName=\"blame\" enabled=\"True\" />\r\n      <Logger friendlyName=\"Console\" uri=\"logger://microsoft/TestPlatform/ConsoleLogger/v1\" assemblyQualifiedName=\"Microsoft.VisualStudio.TestPlatform.CommandLine.Internal.ConsoleLogger, vstest.console, Version=15.0.0.0, Culture=neutral, PublicKeyToken=b03f5f7f11d50a3a\" codeBase=\"C:\\Program Files\\dotnet\\sdk\\7.0.302\\vstest.console.dll\" enabled=\"True\" />\r\n    </Loggers>\r\n  </LoggerRunSettings>\r\n  <DataCollectionRunSettings>\r\n    <DataCollectors>\r\n      <DataCollector friendlyName=\"blame\" enabled=\"True\">\r\n        <Configuration>\r\n          <ResultsDirectory>C:\\Users\\Mohamed Nouh\\source\\repos\\buildinglink\\BuildingLink.Core.Tests\\bin\\Debug\\net7.0\\fine-code-coverage\\coverage-tool-output</ResultsDirectory>\r\n        </Configuration>\r\n      </DataCollector>\r\n    </DataCollectors>\r\n  </DataCollectionRunSettings>\r\n</RunSettings>","TestExecutionContext":{"FrequencyOfRunStatsChangeEvent":10,"RunStatsChangeEventTimeout":"00:00:01.5000000","InIsolation":false,"KeepAlive":false,"AreTestCaseLevelEventsRequired":false,"IsDebug":false,"TestCaseFilter":null,"FilterOptions":null},"Package":null}}
TpTrace Verbose: 0 : 29708, 13, 2024/02/05, 20:02:16.823, 172325058836, vstest.console.dll, TcpClientExtensions.MessageLoopAsync: NotifyDataAvailable remoteEndPoint: 127.0.0.1:55590 localEndPoint: 127.0.0.1:55589
TpTrace Verbose: 0 : 29708, 13, 2024/02/05, 20:02:16.823, 172325060006, vstest.console.dll, TestRequestSender.OnExecutionMessageReceived: Received message: {"Version":7,"MessageType":"TestSession.Message","Payload":{"MessageLevel":0,"Message":"[xUnit.net 00:00:00.00] xUnit.net VSTest Adapter v2.4.5+1caef2f33e (64-bit .NET 7.0.5)"}}
TpTrace Verbose: 0 : 29708, 13, 2024/02/05, 20:02:16.823, 172325061795, vstest.console.dll, TestRunRequest:SendTestRunMessage: Starting.
TpTrace Verbose: 0 : 29708, 13, 2024/02/05, 20:02:16.823, 172325062325, vstest.console.dll, MulticastDelegateUtilities.SafeInvoke: TestRun.LogMessages: Invoking callback 1/1 for Microsoft.VisualStudio.TestPlatform.CommandLine.TestRunResultAggregator., took 0 ms.
TpTrace Information: 0 : 29708, 13, 2024/02/05, 20:02:16.823, 172325062607, vstest.console.dll, TestRunRequest:SendTestRunMessage: Completed.
TpTrace Verbose: 0 : 29708, 13, 2024/02/05, 20:02:16.823, 172325062820, vstest.console.dll, MulticastDelegateUtilities.SafeInvoke: LengthPrefixCommunicationChannel: MessageReceived: Invoking callback 1/1 for Microsoft.VisualStudio.TestPlatform.CommunicationUtilities.TestRequestSender+<>c__DisplayClass34_0., took 0 ms.
TpTrace Verbose: 0 : 29708, 4, 2024/02/05, 20:02:16.823, 172325062772, vstest.console.dll, MulticastDelegateUtilities.SafeInvoke: InternalTestLoggerEvents.SendTestRunMessage: Invoking callback 1/1 for Microsoft.VisualStudio.TestPlatform.CommandLine.Internal.ConsoleLogger., took 0 ms.
TpTrace Verbose: 0 : 29708, 13, 2024/02/05, 20:02:16.824, 172325063008, vstest.console.dll, TcpClientExtensions.MessageLoopAsync: Polling on remoteEndPoint: 127.0.0.1:55590 localEndPoint: 127.0.0.1:55589
TpTrace Verbose: 0 : 29708, 13, 2024/02/05, 20:02:17.070, 172327531672, vstest.console.dll, TcpClientExtensions.MessageLoopAsync: NotifyDataAvailable remoteEndPoint: 127.0.0.1:55590 localEndPoint: 127.0.0.1:55589
TpTrace Verbose: 0 : 29708, 13, 2024/02/05, 20:02:17.071, 172327533299, vstest.console.dll, TestRequestSender.OnExecutionMessageReceived: Received message: {"Version":7,"MessageType":"TestSession.Message","Payload":{"MessageLevel":0,"Message":"[xUnit.net 00:00:00.24]   Discovering: BuildingLink.Core.Tests"}}
TpTrace Verbose: 0 : 29708, 13, 2024/02/05, 20:02:17.071, 172327534319, vstest.console.dll, TestRunRequest:SendTestRunMessage: Starting.
TpTrace Verbose: 0 : 29708, 13, 2024/02/05, 20:02:17.071, 172327534720, vstest.console.dll, MulticastDelegateUtilities.SafeInvoke: TestRun.LogMessages: Invoking callback 1/1 for Microsoft.VisualStudio.TestPlatform.CommandLine.TestRunResultAggregator., took 0 ms.
TpTrace Verbose: 0 : 29708, 4, 2024/02/05, 20:02:17.071, 172327534907, vstest.console.dll, MulticastDelegateUtilities.SafeInvoke: InternalTestLoggerEvents.SendTestRunMessage: Invoking callback 1/1 for Microsoft.VisualStudio.TestPlatform.CommandLine.Internal.ConsoleLogger., took 0 ms.
TpTrace Information: 0 : 29708, 13, 2024/02/05, 20:02:17.071, 172327535015, vstest.console.dll, TestRunRequest:SendTestRunMessage: Completed.
TpTrace Verbose: 0 : 29708, 13, 2024/02/05, 20:02:17.071, 172327535667, vstest.console.dll, MulticastDelegateUtilities.SafeInvoke: LengthPrefixCommunicationChannel: MessageReceived: Invoking callback 1/1 for Microsoft.VisualStudio.TestPlatform.CommunicationUtilities.TestRequestSender+<>c__DisplayClass34_0., took 0 ms.
TpTrace Verbose: 0 : 29708, 13, 2024/02/05, 20:02:17.071, 172327535896, vstest.console.dll, TcpClientExtensions.MessageLoopAsync: Polling on remoteEndPoint: 127.0.0.1:55590 localEndPoint: 127.0.0.1:55589
TpTrace Verbose: 0 : 29708, 13, 2024/02/05, 20:02:17.089, 172327719421, vstest.console.dll, TcpClientExtensions.MessageLoopAsync: NotifyDataAvailable remoteEndPoint: 127.0.0.1:55590 localEndPoint: 127.0.0.1:55589
TpTrace Verbose: 0 : 29708, 13, 2024/02/05, 20:02:17.089, 172327720958, vstest.console.dll, TestRequestSender.OnExecutionMessageReceived: Received message: {"Version":7,"MessageType":"TestSession.Message","Payload":{"MessageLevel":0,"Message":"[xUnit.net 00:00:00.26]   Discovered:  BuildingLink.Core.Tests"}}
TpTrace Verbose: 0 : 29708, 13, 2024/02/05, 20:02:17.089, 172327722186, vstest.console.dll, TestRunRequest:SendTestRunMessage: Starting.
TpTrace Verbose: 0 : 29708, 13, 2024/02/05, 20:02:17.089, 172327722793, vstest.console.dll, MulticastDelegateUtilities.SafeInvoke: TestRun.LogMessages: Invoking callback 1/1 for Microsoft.VisualStudio.TestPlatform.CommandLine.TestRunResultAggregator., took 0 ms.
TpTrace Information: 0 : 29708, 13, 2024/02/05, 20:02:17.090, 172327723070, vstest.console.dll, TestRunRequest:SendTestRunMessage: Completed.
TpTrace Verbose: 0 : 29708, 4, 2024/02/05, 20:02:17.090, 172327723046, vstest.console.dll, MulticastDelegateUtilities.SafeInvoke: InternalTestLoggerEvents.SendTestRunMessage: Invoking callback 1/1 for Microsoft.VisualStudio.TestPlatform.CommandLine.Internal.ConsoleLogger., took 0 ms.
TpTrace Verbose: 0 : 29708, 13, 2024/02/05, 20:02:17.090, 172327723951, vstest.console.dll, MulticastDelegateUtilities.SafeInvoke: LengthPrefixCommunicationChannel: MessageReceived: Invoking callback 1/1 for Microsoft.VisualStudio.TestPlatform.CommunicationUtilities.TestRequestSender+<>c__DisplayClass34_0., took 0 ms.
TpTrace Verbose: 0 : 29708, 13, 2024/02/05, 20:02:17.090, 172327724390, vstest.console.dll, TcpClientExtensions.MessageLoopAsync: Polling on remoteEndPoint: 127.0.0.1:55590 localEndPoint: 127.0.0.1:55589
TpTrace Verbose: 0 : 29708, 13, 2024/02/05, 20:02:17.091, 172327737271, vstest.console.dll, TcpClientExtensions.MessageLoopAsync: NotifyDataAvailable remoteEndPoint: 127.0.0.1:55590 localEndPoint: 127.0.0.1:55589
TpTrace Verbose: 0 : 29708, 13, 2024/02/05, 20:02:17.091, 172327738124, vstest.console.dll, TestRequestSender.OnExecutionMessageReceived: Received message: {"Version":7,"MessageType":"TestSession.Message","Payload":{"MessageLevel":0,"Message":"[xUnit.net 00:00:00.26]   Starting:    BuildingLink.Core.Tests"}}
TpTrace Verbose: 0 : 29708, 13, 2024/02/05, 20:02:17.091, 172327738967, vstest.console.dll, TestRunRequest:SendTestRunMessage: Starting.
TpTrace Verbose: 0 : 29708, 13, 2024/02/05, 20:02:17.091, 172327739311, vstest.console.dll, MulticastDelegateUtilities.SafeInvoke: TestRun.LogMessages: Invoking callback 1/1 for Microsoft.VisualStudio.TestPlatform.CommandLine.TestRunResultAggregator., took 0 ms.
TpTrace Verbose: 0 : 29708, 4, 2024/02/05, 20:02:17.091, 172327739424, vstest.console.dll, MulticastDelegateUtilities.SafeInvoke: InternalTestLoggerEvents.SendTestRunMessage: Invoking callback 1/1 for Microsoft.VisualStudio.TestPlatform.CommandLine.Internal.ConsoleLogger., took 0 ms.
TpTrace Information: 0 : 29708, 13, 2024/02/05, 20:02:17.091, 172327739877, vstest.console.dll, TestRunRequest:SendTestRunMessage: Completed.
TpTrace Verbose: 0 : 29708, 13, 2024/02/05, 20:02:17.091, 172327740101, vstest.console.dll, MulticastDelegateUtilities.SafeInvoke: LengthPrefixCommunicationChannel: MessageReceived: Invoking callback 1/1 for Microsoft.VisualStudio.TestPlatform.CommunicationUtilities.TestRequestSender+<>c__DisplayClass34_0., took 0 ms.
TpTrace Verbose: 0 : 29708, 13, 2024/02/05, 20:02:17.091, 172327740227, vstest.console.dll, TcpClientExtensions.MessageLoopAsync: Polling on remoteEndPoint: 127.0.0.1:55590 localEndPoint: 127.0.0.1:55589
TpTrace Verbose: 0 : 29708, 13, 2024/02/05, 20:02:17.206, 172328891345, vstest.console.dll, TcpClientExtensions.MessageLoopAsync: NotifyDataAvailable remoteEndPoint: 127.0.0.1:55590 localEndPoint: 127.0.0.1:55589
TpTrace Verbose: 0 : 29708, 13, 2024/02/05, 20:02:17.206, 172328892690, vstest.console.dll, TestRequestSender.OnExecutionMessageReceived: Received message: {"Version":7,"MessageType":"TestSession.Message","Payload":{"MessageLevel":0,"Message":"[xUnit.net 00:00:00.38]   Finished:    BuildingLink.Core.Tests"}}
TpTrace Verbose: 0 : 29708, 13, 2024/02/05, 20:02:17.207, 172328893624, vstest.console.dll, TestRunRequest:SendTestRunMessage: Starting.
TpTrace Verbose: 0 : 29708, 13, 2024/02/05, 20:02:17.207, 172328893966, vstest.console.dll, MulticastDelegateUtilities.SafeInvoke: TestRun.LogMessages: Invoking callback 1/1 for Microsoft.VisualStudio.TestPlatform.CommandLine.TestRunResultAggregator., took 0 ms.
TpTrace Information: 0 : 29708, 13, 2024/02/05, 20:02:17.207, 172328894292, vstest.console.dll, TestRunRequest:SendTestRunMessage: Completed.
TpTrace Verbose: 0 : 29708, 13, 2024/02/05, 20:02:17.207, 172328894473, vstest.console.dll, MulticastDelegateUtilities.SafeInvoke: LengthPrefixCommunicationChannel: MessageReceived: Invoking callback 1/1 for Microsoft.VisualStudio.TestPlatform.CommunicationUtilities.TestRequestSender+<>c__DisplayClass34_0., took 0 ms.
TpTrace Verbose: 0 : 29708, 4, 2024/02/05, 20:02:17.207, 172328894610, vstest.console.dll, MulticastDelegateUtilities.SafeInvoke: InternalTestLoggerEvents.SendTestRunMessage: Invoking callback 1/1 for Microsoft.VisualStudio.TestPlatform.CommandLine.Internal.ConsoleLogger., took 0 ms.
TpTrace Verbose: 0 : 29708, 13, 2024/02/05, 20:02:17.207, 172328894774, vstest.console.dll, TcpClientExtensions.MessageLoopAsync: Polling on remoteEndPoint: 127.0.0.1:55590 localEndPoint: 127.0.0.1:55589
TpTrace Verbose: 0 : 29708, 13, 2024/02/05, 20:02:17.231, 172329139313, vstest.console.dll, TcpClientExtensions.MessageLoopAsync: NotifyDataAvailable remoteEndPoint: 127.0.0.1:55590 localEndPoint: 127.0.0.1:55589
TpTrace Verbose: 0 : 29708, 13, 2024/02/05, 20:02:17.231, 172329141160, vstest.console.dll, TestRequestSender.OnExecutionMessageReceived: Received message: {"Version":7,"MessageType":"TestExecution.Completed","Payload":{"TestRunCompleteArgs":{"TestRunStatistics":{"ExecutedTests":5,"Stats":{"Passed":5}},"IsCanceled":false,"IsAborted":false,"Error":null,"AttachmentSets":[],"InvokedDataCollectors":[],"ElapsedTimeInRunningTests":"00:00:00.3908984","Metrics":{},"DiscoveredExtensions":{"TestDiscoverers":["Xunit.Runner.VisualStudio.VsTestRunner, xunit.runner.visualstudio.dotnetcore.testadapter, Version=2.4.0.0, Culture=neutral, PublicKeyToken=8d05b1bb7a6fdb6c"],"TestExecutors":["executor://xunit/VsTestRunner2/netcoreapp"],"TestExecutors2":[],"TestSettingsProviders":[]}},"LastRunTests":{"NewTestResults":[{"TestCase":{"Id":"ea6b8297-3000-dc39-5458-9bc4502557d5","FullyQualifiedName":"BuildingLink.Core.Tests.IDriverRepositoryTests.DeleteAsyncTest","DisplayName":"BuildingLink.Core.Tests.IDriverRepositoryTests.DeleteAsyncTest","ExecutorUri":"executor://xunit/VsTestRunner2/netcoreapp","Source":"C:\\Users\\Mohamed Nouh\\source\\repos\\buildinglink\\BuildingLink.Core.Tests\\bin\\Debug\\net7.0\\fine-code-coverage\\build-output\\BuildingLink.Core.Tests.dll","CodeFilePath":null,"LineNumber":0,"Properties":[]},"Attachments":[],"Outcome":1,"ErrorMessage":null,"ErrorStackTrace":null,"DisplayName":"BuildingLink.Core.Tests.IDriverRepositoryTests.DeleteAsyncTest","Messages":[],"ComputerName":"MOHAMED-NOUH","Duration":"00:00:00.0590194","StartTime":"2024-02-05T18:02:17.1794163+00:00","EndTime":"2024-02-05T18:02:17.1794391+00:00","Properties":[]},{"TestCase":{"Id":"4d461a89-76df-a4ad-ef55-8dfe5fb268fd","FullyQualifiedName":"BuildingLink.Core.Tests.IDriverRepositoryTests.GetByIdAsyncTest","DisplayName":"BuildingLink.Core.Tests.IDriverRepositoryTests.GetByIdAsyncTest","ExecutorUri":"executor://xunit/VsTestRunner2/netcoreapp","Source":"C:\\Users\\Mohamed Nouh\\source\\repos\\buildinglink\\BuildingLink.Core.Tests\\bin\\Debug\\net7.0\\fine-code-coverage\\build-output\\BuildingLink.Core.Tests.dll","CodeFilePath":null,"LineNumber":0,"Properties":[]},"Attachments":[],"Outcome":1,"ErrorMessage":null,"ErrorStackTrace":null,"DisplayName":"BuildingLink.Core.Tests.IDriverRepositoryTests.GetByIdAsyncTest","Messages":[],"ComputerName":"MOHAMED-NOUH","Duration":"00:00:00.0024592","StartTime":"2024-02-05T18:02:17.196467+00:00","EndTime":"2024-02-05T18:02:17.196467+00:00","Properties":[]},{"TestCase":{"Id":"3f087952-5005-cd91-a399-61f274852ad1","FullyQualifiedName":"BuildingLink.Core.Tests.IDriverRepositoryTests.UpdateAsyncTest","DisplayName":"BuildingLink.Core.Tests.IDriverRepositoryTests.UpdateAsyncTest","ExecutorUri":"executor://xunit/VsTestRunner2/netcoreapp","Source":"C:\\Users\\Mohamed Nouh\\source\\repos\\buildinglink\\BuildingLink.Core.Tests\\bin\\Debug\\net7.0\\fine-code-coverage\\build-output\\BuildingLink.Core.Tests.dll","CodeFilePath":null,"LineNumber":0,"Properties":[]},"Attachments":[],"Outcome":1,"ErrorMessage":null,"ErrorStackTrace":null,"DisplayName":"BuildingLink.Core.Tests.IDriverRepositoryTests.UpdateAsyncTest","Messages":[],"ComputerName":"MOHAMED-NOUH","Duration":"00:00:00.0035356","StartTime":"2024-02-05T18:02:17.1984485+00:00","EndTime":"2024-02-05T18:02:17.1984485+00:00","Properties":[]},{"TestCase":{"Id":"0ac83cc1-3abc-3479-0ee9-7977ab9c8aef","FullyQualifiedName":"BuildingLink.Core.Tests.IDriverRepositoryTests.GetAllAsyncTest","DisplayName":"BuildingLink.Core.Tests.IDriverRepositoryTests.GetAllAsyncTest","ExecutorUri":"executor://xunit/VsTestRunner2/netcoreapp","Source":"C:\\Users\\Mohamed Nouh\\source\\repos\\buildinglink\\BuildingLink.Core.Tests\\bin\\Debug\\net7.0\\fine-code-coverage\\build-output\\BuildingLink.Core.Tests.dll","CodeFilePath":null,"LineNumber":0,"Properties":[]},"Attachments":[],"Outcome":1,"ErrorMessage":null,"ErrorStackTrace":null,"DisplayName":"BuildingLink.Core.Tests.IDriverRepositoryTests.GetAllAsyncTest","Messages":[],"ComputerName":"MOHAMED-NOUH","Duration":"00:00:00.0025617","StartTime":"2024-02-05T18:02:17.199528+00:00","EndTime":"2024-02-05T18:02:17.199528+00:00","Properties":[]},{"TestCase":{"Id":"f0d9ffc9-60df-6207-84ee-2dcf81d5662e","FullyQualifiedName":"BuildingLink.Core.Tests.IDriverRepositoryTests.InsertAsyncTest","DisplayName":"BuildingLink.Core.Tests.IDriverRepositoryTests.InsertAsyncTest","ExecutorUri":"executor://xunit/VsTestRunner2/netcoreapp","Source":"C:\\Users\\Mohamed Nouh\\source\\repos\\buildinglink\\BuildingLink.Core.Tests\\bin\\Debug\\net7.0\\fine-code-coverage\\build-output\\BuildingLink.Core.Tests.dll","CodeFilePath":null,"LineNumber":0,"Properties":[]},"Attachments":[],"Outcome":1,"ErrorMessage":null,"ErrorStackTrace":null,"DisplayName":"BuildingLink.Core.Tests.IDriverRepositoryTests.InsertAsyncTest","Messages":[],"ComputerName":"MOHAMED-NOUH","Duration":"00:00:00.0018763","StartTime":"2024-02-05T18:02:17.2051143+00:00","EndTime":"2024-02-05T18:02:17.2051144+00:00","Properties":[]}],"TestRunStatistics":{"ExecutedTests":5,"Stats":{"Passed":5}},"ActiveTests":[]},"RunAttachments":[],"ExecutorUris":["executor://xunit/VsTestRunner2/netcoreapp"]}}
TpTrace Verbose: 0 : 29708, 13, 2024/02/05, 20:02:17.231, 172329141951, vstest.console.dll, TestRequestSender.EndSession: Sending end session.
TpTrace Verbose: 0 : 29708, 13, 2024/02/05, 20:02:17.232, 172329143114, vstest.console.dll, ProxyOperationManager.Close: waiting for test host to exit for 100 ms
TpTrace Warning: 0 : 29708, 11, 2024/02/05, 20:02:17.249, 172329319838, vstest.console.dll, TestHostManagerCallbacks.ErrorReceivedCallback Test host standard error line: 
TpTrace Verbose: 0 : 29708, 11, 2024/02/05, 20:02:17.262, 172329444033, vstest.console.dll, TestHostProvider.ExitCallBack: Host exited starting callback.
TpTrace Information: 0 : 29708, 11, 2024/02/05, 20:02:17.262, 172329446517, vstest.console.dll, TestHostManagerCallbacks.ExitCallBack: Testhost processId: 27168 exited with exitcode: 0 error: ''
TpTrace Verbose: 0 : 29708, 11, 2024/02/05, 20:02:17.262, 172329446950, vstest.console.dll, DotnetTestHostManager.OnHostExited: invoking OnHostExited callback
TpTrace Verbose: 0 : 29708, 11, 2024/02/05, 20:02:17.262, 172329447414, vstest.console.dll, CrossPlatEngine.TestHostManagerHostExited: calling on client process exit callback.
TpTrace Information: 0 : 29708, 11, 2024/02/05, 20:02:17.262, 172329447824, vstest.console.dll, TestRequestSender.OnClientProcessExit: Test host process exited. Standard error: 
TpTrace Information: 0 : 29708, 11, 2024/02/05, 20:02:17.262, 172329448120, vstest.console.dll, SocketServer.Stop: Stop server endPoint: 127.0.0.1:55589
TpTrace Information: 0 : 29708, 11, 2024/02/05, 20:02:17.262, 172329448318, vstest.console.dll, SocketServer.Stop: Cancellation requested. Stopping message loop.
TpTrace Information: 0 : 29708, 13, 2024/02/05, 20:02:17.262, 172329448934, vstest.console.dll, SocketServer.Stop: Stop server endPoint: 127.0.0.1:55589
TpTrace Information: 0 : 29708, 13, 2024/02/05, 20:02:17.262, 172329449463, vstest.console.dll, SocketServer.Stop: Cancellation requested. Stopping message loop.
TpTrace Verbose: 0 : 29708, 11, 2024/02/05, 20:02:17.262, 172329449040, vstest.console.dll, MulticastDelegateUtilities.SafeInvoke: HostProviderEvents.OnHostExited: Invoking callback 1/1 for Microsoft.VisualStudio.TestPlatform.CrossPlatEngine.Client.ProxyOperationManager., took 0 ms.
TpTrace Information: 0 : 29708, 13, 2024/02/05, 20:02:17.262, 172329449785, vstest.console.dll, Closing the connection
TpTrace Verbose: 0 : 29708, 13, 2024/02/05, 20:02:17.262, 172329451278, vstest.console.dll, ProxyDataCollectionManager.InvokeDataCollectionServiceAction: Starting.
TpTrace Information: 0 : 29708, 13, 2024/02/05, 20:02:17.262, 172329451587, vstest.console.dll, ProxyDataCollectionManager.AfterTestRunEnd: Get attachment set and invoked data collectors processId: 29836 port: 55586
TpTrace Verbose: 0 : 29708, 13, 2024/02/05, 20:02:17.262, 172329451820, vstest.console.dll, DataCollectionRequestSender.SendAfterTestRunStartAndGetResult: Send AfterTestRunEnd message with isCancelled: False
TpTrace Verbose: 0 : 29708, 13, 2024/02/05, 20:02:17.267, 172329502604, vstest.console.dll, DataCollectionRequestSender.SendAfterTestRunStartAndGetResult: Received message: (DataCollection.AfterTestRunEndResult) -> {"MessageType":"DataCollection.AfterTestRunEndResult","Payload":{"AttachmentSets":[],"InvokedDataCollectors":[{"Uri":"datacollector://Microsoft/TestPlatform/Extensions/Blame/v1","FriendlyName":"Blame","AssemblyQualifiedName":"Microsoft.TestPlatform.Extensions.BlameDataCollector.BlameCollector, Microsoft.TestPlatform.Extensions.BlameDataCollector, Version=15.0.0.0, Culture=neutral, PublicKeyToken=b03f5f7f11d50a3a","FilePath":"C:\\Program Files\\dotnet\\sdk\\7.0.302\\Extensions\\Microsoft.TestPlatform.Extensions.BlameDataCollector.dll","HasAttachmentProcessor":false}],"Metrics":{}}}
TpTrace Warning: 0 : 29708, 10, 2024/02/05, 20:02:17.271, 172329533268, vstest.console.dll, DataCollectionLauncher.ErrorReceivedCallback datacollector standard error line: 
TpTrace Information: 0 : 29708, 13, 2024/02/05, 20:02:17.273, 172329554543, vstest.console.dll, ProxyDataCollectionManager.InvokeDataCollectionServiceAction: Completed.
TpTrace Information: 0 : 29708, 10, 2024/02/05, 20:02:17.276, 172329583079, vstest.console.dll, DataCollectionLauncher.ExitCallBack: Data collector exited with exitcode: 0 error: ''
TpTrace Verbose: 0 : 29708, 13, 2024/02/05, 20:02:17.309, 172329915993, vstest.console.dll, TestRunRequest:SendTestRunStatsChange: Starting.
TpTrace Verbose: 0 : 29708, 13, 2024/02/05, 20:02:17.309, 172329918186, vstest.console.dll, MulticastDelegateUtilities.SafeInvoke: TestRun.RunStatsChanged: Invoking callbacks was skipped because there are no subscribers.
TpTrace Information: 0 : 29708, 13, 2024/02/05, 20:02:17.309, 172329918542, vstest.console.dll, TestRunRequest:SendTestRunStatsChange: Completed.
TpTrace Verbose: 0 : 29708, 13, 2024/02/05, 20:02:17.309, 172329921171, vstest.console.dll, ParallelProxyExecutionManager: HandlePartialRunComplete: Total completed clients = 1, Run complete = True, Run canceled: False.
TpTrace Verbose: 0 : 29708, 4, 2024/02/05, 20:02:17.310, 172329928442, vstest.console.dll, MulticastDelegateUtilities.SafeInvoke: InternalTestLoggerEvents.SendTestResult: Invoking callback 1/1 for Microsoft.VisualStudio.TestPlatform.CommandLine.Internal.ConsoleLogger., took 1 ms.
TpTrace Verbose: 0 : 29708, 4, 2024/02/05, 20:02:17.310, 172329930140, vstest.console.dll, MulticastDelegateUtilities.SafeInvoke: InternalTestLoggerEvents.SendTestResult: Invoking callback 1/1 for Microsoft.VisualStudio.TestPlatform.CommandLine.Internal.ConsoleLogger., took 0 ms.
TpTrace Verbose: 0 : 29708, 4, 2024/02/05, 20:02:17.310, 172329930626, vstest.console.dll, MulticastDelegateUtilities.SafeInvoke: InternalTestLoggerEvents.SendTestResult: Invoking callback 1/1 for Microsoft.VisualStudio.TestPlatform.CommandLine.Internal.ConsoleLogger., took 0 ms.
TpTrace Verbose: 0 : 29708, 4, 2024/02/05, 20:02:17.310, 172329930962, vstest.console.dll, MulticastDelegateUtilities.SafeInvoke: InternalTestLoggerEvents.SendTestResult: Invoking callback 1/1 for Microsoft.VisualStudio.TestPlatform.CommandLine.Internal.ConsoleLogger., took 0 ms.
TpTrace Verbose: 0 : 29708, 4, 2024/02/05, 20:02:17.310, 172329931134, vstest.console.dll, MulticastDelegateUtilities.SafeInvoke: InternalTestLoggerEvents.SendTestResult: Invoking callback 1/1 for Microsoft.VisualStudio.TestPlatform.CommandLine.Internal.ConsoleLogger., took 0 ms.
TpTrace Verbose: 0 : 29708, 4, 2024/02/05, 20:02:17.315, 172329976457, vstest.console.dll, MulticastDelegateUtilities.SafeInvoke: InternalTestLoggerEvents.SendTestRunComplete: Invoking callback 1/2 for Microsoft.TestPlatform.Extensions.BlameDataCollector.BlameLogger., took 0 ms.
TpTrace Verbose: 0 : 29708, 4, 2024/02/05, 20:02:17.318, 172330009926, vstest.console.dll, MulticastDelegateUtilities.SafeInvoke: InternalTestLoggerEvents.SendTestRunComplete: Invoking callback 2/2 for Microsoft.VisualStudio.TestPlatform.CommandLine.Internal.ConsoleLogger., took 3 ms.
TpTrace Verbose: 0 : 29708, 13, 2024/02/05, 20:02:17.318, 172330012676, vstest.console.dll, TestRunRequest:TestRunComplete: Starting. IsAborted:False IsCanceled:False.
TpTrace Verbose: 0 : 29708, 13, 2024/02/05, 20:02:17.319, 172330021623, vstest.console.dll, TestLoggerManager.HandleTestRunComplete: Ignoring as the object is disposed.
TpTrace Verbose: 0 : 29708, 13, 2024/02/05, 20:02:17.320, 172330023119, vstest.console.dll, MulticastDelegateUtilities.SafeInvoke: TestRun.TestRunComplete: Invoking callback 1/2 for Microsoft.VisualStudio.TestPlatform.CommandLine.TestRunResultAggregator., took 0 ms.
TpTrace Verbose: 0 : 29708, 13, 2024/02/05, 20:02:17.320, 172330024073, vstest.console.dll, MulticastDelegateUtilities.SafeInvoke: TestRun.TestRunComplete: Invoking callback 2/2 for Microsoft.VisualStudio.TestPlatform.CommandLine.Processors.RunTestsArgumentExecutor+TestRunRequestEventsRegistrar., took 0 ms.
TpTrace Information: 0 : 29708, 13, 2024/02/05, 20:02:17.320, 172330024662, vstest.console.dll, TestRunRequest:TestRunComplete: Completed.
TpTrace Verbose: 0 : 29708, 13, 2024/02/05, 20:02:17.320, 172330024923, vstest.console.dll, TestRequestSender.SetOperationComplete: Setting operation complete.
TpTrace Information: 0 : 29708, 13, 2024/02/05, 20:02:17.320, 172330025153, vstest.console.dll, SocketServer.Stop: Stop server endPoint: 127.0.0.1:55589
TpTrace Verbose: 0 : 29708, 1, 2024/02/05, 20:02:17.320, 172330025131, vstest.console.dll, TestRunRequest.Dispose: Starting.
TpTrace Information: 0 : 29708, 13, 2024/02/05, 20:02:17.320, 172330025273, vstest.console.dll, SocketServer.Stop: Cancellation requested. Stopping message loop.
TpTrace Information: 0 : 29708, 1, 2024/02/05, 20:02:17.320, 172330025743, vstest.console.dll, TestRunRequest.Dispose: Completed.
TpTrace Verbose: 0 : 29708, 13, 2024/02/05, 20:02:17.320, 172330025889, vstest.console.dll, MulticastDelegateUtilities.SafeInvoke: LengthPrefixCommunicationChannel: MessageReceived: Invoking callback 1/1 for Microsoft.VisualStudio.TestPlatform.CommunicationUtilities.TestRequestSender+<>c__DisplayClass34_0., took 88 ms.
TpTrace Information: 0 : 29708, 1, 2024/02/05, 20:02:17.320, 172330026017, vstest.console.dll, TestRequestManager.RunTests: run tests completed.
TpTrace Information: 0 : 29708, 13, 2024/02/05, 20:02:17.320, 172330026103, vstest.console.dll, SocketServer.PrivateStop: Stopping server endPoint: 127.0.0.1:55589 error: 
TpTrace Information: 0 : 29708, 1, 2024/02/05, 20:02:17.320, 172330026712, vstest.console.dll, RunTestsArgumentProcessor:Execute: Test run is completed.
TpTrace Verbose: 0 : 29708, 1, 2024/02/05, 20:02:17.320, 172330027907, vstest.console.dll, Executor.Execute: Exiting with exit code of 0
TpTrace Verbose: 0 : 29708, 13, 2024/02/05, 20:02:17.320, 172330029505, vstest.console.dll, LengthPrefixCommunicationChannel.Dispose: Dispose reader and writer.
TpTrace Information: 0 : 29708, 13, 2024/02/05, 20:02:17.320, 172330029991, vstest.console.dll, SocketServer.Stop: Raise disconnected event endPoint: 127.0.0.1:55589 error: 
TpTrace Verbose: 0 : 29708, 13, 2024/02/05, 20:02:17.320, 172330030608, vstest.console.dll, TestRequestSender: OnTestRunAbort: Operation is already complete. Skip error message.
TpTrace Verbose: 0 : 29708, 13, 2024/02/05, 20:02:17.320, 172330030870, vstest.console.dll, MulticastDelegateUtilities.SafeInvoke: SocketServer: ClientDisconnected: Invoking callback 1/1 for Microsoft.VisualStudio.TestPlatform.CommunicationUtilities.TestRequestSender., took 0 ms.
TpTrace Verbose: 0 : 29708, 13, 2024/02/05, 20:02:17.320, 172330031077, vstest.console.dll, TcpClientExtensions.MessageLoopAsync: exiting MessageLoopAsync remoteEndPoint: 127.0.0.1:55590 localEndPoint: 127.0.0.1:55589
